156b000
16pkA01
16vpA00
1914A00
1a02F00
1a04A01
1a04A02
1a0aA00
1a0cA00
1a0iA01
1a0iA02
1a0iA03
1a0pA01
1a0pA02
1a0rP02
1a0sP00
1a17A00
1a1hA01
1a1tA00
1a1wA00
1a1xA00
1a2oA01
1a2pA00
1a2xB00
1a31A03
1a34A00
1a35A04
1a3aC00
1a3qA01
1a3wA01
1a41A01
1a41A02
1a4iA02
1a4iB01
1a4pA00
1a4sA01
1a53A00
1a59A02
1a5tA01
1a5tA02
1a5tA03
1a62A01
1a62A02
1a6bB00
1a6cA01
1a6cA02
1a6fA00
1a6jA00
1a6qA02
1a6sA00
1a6zA01
1a73A00
1a76A01
1a79A01
1a7cA02
1a7jA00
1a7sA01
1a7sA02
1a8dA01
1a8dA02
1a8hA02
1a8lA01
1a8lA02
1a8oA00
1a8rA01
1a8yA01
1a8yA02
1a8yA03
1a91A00
1a92A00
1a99A02
1a9nC00
1a9xA03
1a9xA04
1a9xA05
1a9xA06
1a9xA08
1a9xB01
1a9xB02
1aa0A00
1aapA00
1ab4A01
1ab4A02
1abaA00
1abrA01
1abrA02
1abvA00
1abzA00
1ac0A00
1ac5A00
1accA01
1accA02
1accA03
1accA04
1ad2A01
1ad2A02
1ad3A01
1ad3A02
1ad5A01
1adeA02
1adnA00
1adtA01
1adtA02
1ae9A00
1aepA00
1af6A00
1af7A01
1af7A02
1afoA00
1afpA00
1afwA01
1aggA00
1agiA00
1agjA01
1agjA02
1agrE02
1agrH01
1ah7A00
1ahoA00
1ahsA00
1aihA00
1aipE02
1aipE03
1aisB01
1aisB02
1aiwA00
1ajkA00
1ajoB00
1ajsA01
1ajsB02
1ak0A00
1akoA00
1akpA00
1al3A01
1al3A02
1aluA00
1alyA00
1am2A00
1am7A00
1am9B00
1amlA00
1amuA02
1amuA03
1amuA04
1amuB01
1amxA00
1an4A00
1an9A01
1anfA01
1anfA02
1anvA02
1aoaA02
1aocA00
1aoeA00
1aohB00
1aolA00
1aooA00
1aopA01
1aopA02
1aopA03
1aorA03
1aoyA00
1aozA01
1aozA02
1aozA03
1ap8A00
1apjA00
1apr002
1aq5A00
1aqcA00
1aqsA00
1aqzA00
1arbA01
1arbA02
1aroP02
1aroP05
1arsA01
1ashA00
1at0A00
1at3A00
1atgA01
1atgA02
1atiB01
1atiB02
1atxA00
1atzB00
1au7A02
1auiB00
1aukA01
1aukA02
1auoA00
1auuA00
1avbA00
1avcA07
1avgI00
1avoA00
1avoB00
1avqA00
1avvA00
1avwB00
1avyA00
1avyB00
1aw7A01
1aw9A01
1aw9A02
1awcB00
1awjA00
1awwA00
1ax8A00
1axiB01
1axiB02
1ayaA00
1ayeA01
1ayjA00
1aym100
1aym200
1aym300
1aym400
1ayoA00
1azoA00
1azsA00
1azsB00
1aztB02
1b04A03
1b0bA00
1b0nA00
1b0nB00
1b0uA00
1b12A02
1b12B01
1b22A00
1b25A01
1b25A02
1b25A03
1b2pA00
1b34A00
1b34B00
1b35A00
1b35B00
1b35C00
1b35D00
1b37A01
1b3aA00
1b3oA00
1b3qA01
1b3qA04
1b3qB03
1b3tA00
1b3uA00
1b43A02
1b4aA01
1b4bA00
1b4fA00
1b4pA01
1b4rA00
1b4uA00
1b4uB00
1b5eA00
1b5fB00
1b5fC00
1b5lA00
1b63A01
1b63A02
1b65A00
1b67A00
1b69A00
1b6aA02
1b6cB01
1b6gA00
1b72A00
1b73A01
1b79B00
1b7yB02
1b7yB05
1b7yB06
1b89A00
1b8aA02
1b8iA00
1b8iB00
1b8tA01
1b8tA02
1b8wA00
1b8xA03
1b93C00
1b9hA02
1b9lA00
1b9mA03
1b9mB01
1b9mB02
1b9oA00
1b9wA01
1b9wA02
1b9xC02
1ba1A01
1ba1A02
1ba1A03
1ba1A04
1ba3A05
1bazA00
1bb9A00
1bbgA00
1bbhA00
1bboA02
1bbuA01
1bbyA00
1bcgA00
1bcoA01
1bcoA02
1bcpA00
1bcpB01
1bcpB02
1bcpD00
1bcpF00
1bctA00
1bd0A01
1bd3A00
1bd8A00
1bdbA00
1bdoA00
1bdsA00
1be3I00
1be3K00
1beaA00
1bebA00
1befA01
1befA02
1bev100
1bf2A01
1bf2A02
1bf2A03
1bf5A04
1bf6A00
1bg1A01
1bg1A02
1bg1A03
1bg1A04
1bg5A03
1bg6A01
1bg6A02
1bgcA00
1bgfA00
1bgvA01
1bgvA02
1bgvA03
1bgwA01
1bgwA02
1bgwA03
1bgxT01
1bgxT02
1bh9A00
1bh9B00
1bhaA00
1bhdA00
1bheA00
1bhgA01
1bhgA02
1bhgA03
1bhuA00
1bi1A03
1bi6H00
1bi7B00
1biaA01
1biaA03
1bifA01
1bifA02
1bihA01
1bihA02
1bihA03
1bihA04
1bikA00
1bioA01
1bioA02
1bj6A00
1bj7A00
1bjaA00
1bjtA01
1bjtA02
1bjtA03
1bjtA04
1bjtA05
1bjxA00
1bkbA01
1bkbA02
1bkfA00
1bkjA00
1bkpA00
1bkrA00
1bkzA00
1bl0A01
1bl0A02
1bm8A00
1bm9A00
1bmfG00
1bmlC03
1bmrA00
1bo1A02
1bo4A00
1bobA01
1bobA02
1bobA03
1bolA00
1booA00
1borA00
1bpoA02
1bprA00
1bqcA00
1bquA01
1bquA02
1br7003
1brtA00
1brwA01
1brzA00
1bs0A01
1bs0A02
1bteA00
1btkA00
1btnA00
1bu8A01
1bu8A02
1bucA01
1bunB00
1bvp101
1bvp102
1bvp103
1bvsF03
1bvyF00
1bw3A00
1bwvS00
1bx4A01
1bx4A02
1bx7A00
1bxdA00
1bxkA02
1bxoA01
1bxoA02
1bxrA05
1bxrA07
1bxyA00
1by1A00
1byfA00
1byiA00
1bykA01
1bykA02
1bymA00
1byrA00
1byuB00
1bywA00
1byyA00
1bzkA00
1c01A00
1c07A00
1c0mA02
1c0pA01
1c0pA02
1c17M00
1c1dA01
1c1dA02
1c1kA01
1c1kA02
1c1yB00
1c20A00
1c30A08
1c3cA01
1c3cA02
1c3cA03
1c3gA01
1c3gA02
1c3kA00
1c3pA00
1c3yA00
1c41A00
1c4kA01
1c4kA02
1c4kA03
1c4kA04
1c4oA01
1c4oA03
1c4qA00
1c4xA00
1c52A00
1c5eA00
1c6vX00
1c75A00
1c7kA00
1c7nA01
1c7nA02
1c7sA01
1c7sA02
1c7sA03
1c7sA04
1c8bA00
1c8cA00
1c8iA01
1c8iA02
1c8nC00
1c8rA00
1c8uA01
1c8uA02
1c96A01
1c96A02
1c96A03
1c96A04
1c9bA01
1c9bA02
1c9kB00
1c9oA00
1ca1A01
1ca1A02
1cb6A01
1cb6A04
1cb8A01
1cb8A02
1cb8A03
1cbfA01
1cbfA02
1cbyA00
1cc1L00
1cc5A00
1cc8A00
1ccvA00
1ccwA00
1ccwB01
1ccwB02
1cczA01
1cczA02
1cd9B02
1cd9D01
1cdcA00
1cdzA00
1ceeB00
1ceoA00
1ceuA00
1cexA00
1cf4B00
1cf7A00
1cf7B00
1cfaA00
1cfbA01
1cfbA02
1cfeA00
1cfrA00
1cfzA00
1cg2A01
1cg2A02
1cg5A00
1cg5B00
1cgmE00
1chcA00
1chdA00
1chkA01
1chkA02
1chmA01
1chmA02
1chuA01
1chuA02
1chuA03
1ci4A00
1ci6A00
1ci6B00
1ci9A00
1cidA01
1cidA02
1ciiA01
1ciiA02
1ciiA03
1cipA01
1cipA02
1cixA00
1ciyA01
1ciyA02
1cjaA01
1cjaA02
1cjcA01
1cjwA00
1cjxA01
1cjxB02
1cjyB02
1ckaA00
1ckeA00
1ckiA01
1ckmA01
1ckmA02
1ckmA03
1cksB00
1cktA00
1ckvA00
1cl4A00
1cl8A00
1clcA01
1clcA02
1cmbA00
1cmxA00
1cnt300
1cnvA00
1cnzA00
1co4A00
1colA00
1couA00
1cozA00
1cp2A00
1cpqA00
1cptA00
1cpyA01
1cpyA02
1cpzA00
1cq3A00
1cq4A00
1cqmA00
1cqxA01
1cqxA02
1cqxA03
1cr2A00
1cr5A01
1cr5B02
1cruA00
1cs1A01
1cs1A02
1cs3A00
1cs6A01
1cs6A02
1cs6A03
1cs6A04
1cscA02
1cseI00
1cshA01
1ct5A00
1ct9A01
1ct9B02
1ctfA00
1ctjA00
1cttA01
1cttA02
1cukA01
1cukA02
1cukA03
1cunA01
1cunA02
1cvjA01
1cvjG02
1cvjH02
1cvrA01
1cvrA02
1cvrA03
1cvuA01
1cw5A00
1cwvA02
1cwvA03
1cwvA04
1cwvA05
1cwxA00
1cx1A00
1cxqA00
1cxyA00
1cxzB00
1cy5A00
1cydA00
1cyoA00
1cyxA00
1cz3B00
1cz4A01
1cz4A02
1czaN03
1czjA00
1czqA00
1czyA00
1d02B00
1d06A00
1d0cA01
1d0cA02
1d0cA03
1d0dA00
1d0nA03
1d0nA04
1d0qA00
1d1nA00
1d1rA00
1d2fA02
1d2fB01
1d2nA01
1d2nA02
1d2oA01
1d2oA02
1d2sA00
1d2tA00
1d2vC00
1d2zA00
1d2zB00
1d3bB00
1d3bC00
1d3gA00
1d3yA01
1d3yB02
1d4bA00
1d4oA00
1d4tA00
1d4uA00
1d4vA01
1d4vA02
1d5rA01
1d5rA02
1d5tA01
1d5tA02
1d5tA03
1d5yA02
1d5yB03
1d66A00
1d66B01
1d6gA00
1d7bA00
1d7kB01
1d7pM00
1d7qA00
1d8bA00
1d8hA00
1d8jA00
1d8lA01
1d8wC00
1d8zA00
1dabA00
1daqA00
1darA01
1darA04
1darA05
1dbhA01
1dbhA02
1dbqA01
1dbwB00
1dc1A01
1dc1A02
1dceA01
1dceA02
1dceA03
1dcfA00
1dciA01
1dciA02
1dcjA00
1dcsA00
1dctA01
1dctA02
1dd4D01
1dd5A01
1dd7A03
1dd9A01
1dd9A02
1dd9A03
1ddbA00
1ddfA00
1ddgA01
1ddgA02
1ddlA00
1ddmA00
1ddwA00
1ddzA01
1de4C01
1de4C02
1de4C03
1debB00
1deeG00
1dekA01
1dekA02
1deuB00
1devB00
1df0A02
1df0A03
1df7A00
1dfaA03
1dfcA01
1dfcA02
1dfcA03
1dfcA04
1dfmB00
1dfuP00
1dfxA00
1dg3A02
1dg6A00
1dgnA00
1dgsA02
1dgsA04
1dgsA05
1dgsA06
1dgwA00
1dh3A00
1dhnA00
1di2A00
1di6A00
1dihA01
1dihA02
1divA02
1dj0A01
1dj0A02
1dj2A02
1dj7A00
1dj7B00
1dj8A00
1djuB01
1djxA02
1djxA03
1djxB01
1dk0A00
1dk5B01
1dk8A01
1dk8A02
1dkgA01
1dkgA02
1dkgD02
1dkqA02
1dkuA01
1dkuA02
1dkxA01
1dkxA02
1dl5A01
1dl5A02
1dl6A00
1dleB02
1dljA01
1dljA02
1dljA03
1dlwA00
1dm9A00
1dmgA00
1dmhA00
1dmlA00
1dmuA00
1dmzA00
1dn0D02
1dn1B00
1dnlA00
1dnpA01
1dnyA00
1dofA02
1dofA03
1doiA00
1dowA00
1dp3A00
1dp4C02
1dp5B00
1dp7P00
1dpbA00
1dpeA01
1dpeA02
1dpeA03
1dpgA01
1dpgA02
1dpjA02
1dptA00
1dpuA00
1dq3A01
1dq3A02
1dq3A03
1dq3A04
1dqaD01
1dqcA00
1dqeA00
1dqgA00
1dqiA00
1dqnA00
1dqtA00
1dqzA00
1dr9A01
1dr9A02
1ds1A00
1ds6B00
1ds9A00
1dszA00
1dt9A01
1dt9A02
1dt9A03
1dtdB00
1dtjA00
1dtlA02
1dtxA00
1du2A00
1du3A02
1dugA02
1dulA00
1dusA00
1duvG01
1duxC00
1dv0A00
1dv1B01
1dv5A00
1dvhA00
1dvjA00
1dvkA00
1dvoA00
1dvpA01
1dw0A00
1dw9A01
1dw9A02
1dx5I01
1dx5I02
1dx5I03
1dxeA00
1dxjA01
1dxsA00
1dxyA01
1dxyA02
1dy5A00
1dy9A01
1dynA00
1dyoA00
1dypA00
1dyqA01
1dyqA02
1dysA00
1dz3A00
1dzfA01
1dzfA02
1dzkA00
1dzlA00
1e0aB00
1e0bA00
1e0cA01
1e0gA00
1e0tA01
1e19A00
1e1hA00
1e1oA01
1e1oA02
1e25A00
1e29A00
1e2kA00
1e2wA01
1e2wA02
1e32A01
1e32A03
1e32A04
1e3oC01
1e3oC02
1e3pA02
1e4cP00
1e4eA03
1e4fT01
1e4fT02
1e4fT03
1e4fT04
1e4uA00
1e50B00
1e52A00
1e57B00
1e59A00
1e5dA01
1e5dA02
1e5kA00
1e5pA00
1e5rB01
1e5rB02
1e5wA04
1e69A00
1e6cA00
1e6iA00
1e6uA01
1e6uA02
1e7lA02
1e7uA04
1e85A00
1e87A00
1e8cA01
1e8cA02
1e8cB03
1e8gA01
1e8gA03
1e8gA04
1e8oA00
1e8pA00
1e8rA00
1e8uA00
1e8yA01
1e8yA02
1e8yA03
1e8yA05
1e91A00
1e94E02
1e9gB00
1e9rA02
1e9rD01
1e9yA01
1ea5A00
1eaiC00
1eajB00
1eakA01
1eaqB00
1earA01
1earA02
1eaxA01
1eaxA02
1eayD00
1eazA00
1eb6A00
1ebdA03
1ebfA01
1ebfA02
1ec7A02
1ec7C01
1ecaA00
1eceA00
1ecfA01
1ecfA02
1ecmA00
1ecsA00
1ed1A00
1ed7A00
1edgA00
1edhA02
1edqA01
1edqA02
1edqA03
1edtA00
1edxA00
1edzA01
1edzA02
1ee6A00
1eejA01
1eemA01
1eemA02
1eerA00
1eerB02
1eerC01
1eetB02
1eexA00
1eexB00
1ef1A03
1ef8A01
1ef8A02
1efdN01
1efdN02
1efnB00
1efuB01
1efuB03
1efvB00
1efyA01
1efyA02
1eg2A00
1eg5B01
1eg7A03
1egaA02
1egdA01
1eggA00
1egoA00
1egpA00
1eh7A01
1eh9A01
1eh9A02
1eh9A03
1ehiA02
1ehiA03
1ehsA00
1ehxA00
1ehyA00
1ei1A02
1ei5A01
1ei5A02
1ei5A03
1ei6A01
1ei6A02
1ei7A00
1ei9A00
1eiaA01
1eiaA02
1eicA00
1eigA00
1eijA00
1eiwA00
1ej0A00
1ej2A00
1ej5A00
1ej8A00
1ejdA01
1ejdA02
1ejeA00
1ejfA00
1ejgA00
1ejxB00
1ejxC01
1ejxC02
1ek6A01
1ek6A02
1ekeB02
1ekgA00
1ekjA00
1ektA00
1el0A00
1el6A01
1el6A03
1eljA01
1eljA02
1elkA00
1elrA00
1eluA01
1eluA02
1elvA01
1elvA02
1elvA03
1elwA00
1em2A00
1em8A00
1em8B00
1em9B00
1emsA01
1enfA01
1envA00
1enwA00
1eo0A00
1eokA00
1eoqA00
1eovA01
1ep0A00
1ep3A00
1ep3B01
1ep3B02
1ep3B03
1epaA00
1eptA00
1eptB00
1epuA01
1epuA02
1epuA03
1epwA02
1epwA03
1epwA04
1eq1A00
1eq2A01
1eq2D02
1eq9A01
1eqfA02
1eqgA01
1eqkA00
1eqnC03
1erdA00
1erjC00
1es5A00
1es9A00
1escA00
1esjA00
1eslA00
1et9A01
1et9A02
1eteA00
1etxB00
1eu1A01
1eu1A02
1eu1A03
1eu1A04
1eu3A01
1eu3A02
1eu8A01
1eu8A02
1euhA01
1euhA02
1euwA00
1ev0A00
1ev7A01
1ev7B02
1evhA00
1evlA01
1evlA02
1evsA00
1evuA01
1evyA01
1evyA02
1ew4A00
1ewfA01
1ewfA02
1ewiA00
1ewkA01
1ewkB02
1ewnA00
1ewqA01
1ewqA02
1ewqA03
1ewqB05
1ex0A03
1ex0A04
1ex2A00
1exeA00
1exgA00
1exkA00
1exqA00
1exrA01
1exrA02
1extA01
1extA02
1exzB00
1ey0A00
1eyeA00
1eyhA00
1eyqA01
1eyqA02
1eysH01
1eyvB00
1ez0A02
1ez0B01
1ez3A00
1ezfA00
1ezgA00
1eziA00
1ezjA01
1ezjA02
1ezwA00
1ezxC00
1f00I01
1f00I02
1f00I03
1f02T00
1f06A01
1f06A02
1f08B00
1f0cA01
1f0kA01
1f0kA02
1f0lA01
1f0lB02
1f0lB03
1f0xA01
1f0xA03
1f0xA04
1f0xB02
1f0yA01
1f0yA02
1f15B00
1f16A00
1f1eA00
1f1mA00
1f1sA03
1f1uA01
1f20A01
1f20A02
1f20A03
1f2dA02
1f2lA00
1f2nC00
1f2qA02
1f2uA00
1f35A00
1f39A00
1f3lA01
1f3mA00
1f3rB02
1f3vA00
1f3yA00
1f45B00
1f46B00
1f4pA00
1f4sP00
1f53A00
1f5mA00
1f5nA01
1f5qB01
1f5qB02
1f5tA02
1f5xA00
1f5yA01
1f60A03
1f60B00
1f62A00
1f6bB00
1f6fB01
1f6fB02
1f6kC00
1f6vA00
1f7cA00
1f7dA00
1f7lA00
1f7uA01
1f7uA02
1f7uA03
1f86A00
1f8dA00
1f8fA01
1f8fA02
1f8nA01
1f8nA02
1f8nA03
1f8nA04
1f8vC00
1f8vD00
1f8vE00
1f8yA00
1f94A00
1f97A01
1f97A02
1f9vA00
1f9yA00
1f9zA00
1fafA00
1fakL01
1faoA00
1faqA00
1fasA00
1favA00
1fbvA02
1fc3B00
1fc4A01
1fc4A02
1fc6A01
1fc6A02
1fc6A03
1fcdA01
1fcdA02
1fcdA03
1fcdC01
1fcdC02
1fchB00
1fcqA00
1fcyA00
1fd3A00
1fd9A02
1fdrA02
1fecA02
1fecA03
1fecB01
1fepA02
1feuA01
1feuA02
1fexA00
1ff9A01
1ff9A02
1ff9A03
1fftB01
1fftC00
1ffvB04
1fg7A01
1fg7A02
1fgjA01
1fgjA02
1fguB01
1fgyA00
1fh1A00
1fhgA00
1fhoA00
1fi2A00
1fi4A02
1fi5A00
1fi6A00
1fioA00
1fipA00
1fiqC01
1fiqC03
1fiqC04
1fiqC05
1fiuA00
1fiwA02
1fj2A00
1fjdA00
1fjeB01
1fjeB02
1fjgM02
1fjgQ00
1fjgR00
1fjkA00
1fjlB00
1fjrA01
1fjrA02
1fk5A00
1fkaD01
1fl0A00
1fl2A01
1fl2A02
1flcB00
1flmA00
1floA01
1floC02
1fltX00
1fm0E00
1fm2A00
1fm2B02
1fm2B03
1fmbA00
1fmjA00
1fmkA03
1fmtA01
1fmtA02
1fn9A01
1fn9A02
1fnaA00
1fnfA01
1fnfA02
1fnfA03
1fnhA01
1fnhA02
1fnhA03
1fnnA01
1fnnA02
1fnnB03
1fnoA01
1fo0B00
1fo1A01
1fo1B00
1fo5A00
1fo8A02
1fobA00
1foeC01
1foeC02
1fp0A00
1fp1D01
1fp1D02
1fp2A01
1fp2A02
1fp3A00
1fp5A01
1fp5A02
1fpoA01
1fpoC02
1fpzC00
1fqiA01
1fqjB02
1fqjC00
1fqtA00
1fr3A00
1freA00
1fs0E02
1fs0G01
1fs0G02
1fs1A00
1fs1B00
1fs2A00
1fs5A00
1fseB00
1fsgA00
1fshA00
1fsuA01
1fsuA02
1ft5A00
1ft8A01
1ft8E00
1ft9A01
1ft9A02
1ftpA00
1ftrA01
1ftrA02
1ftsA01
1fu1A02
1fuiA01
1fuiA02
1fuiA03
1fukA00
1fumA03
1fuxA00
1fv1B02
1fvgA00
1fviA01
1fviA02
1fviA03
1fvkA00
1fvqA00
1fvrA01
1fwxA01
1fwxA02
1fx2A00
1fx3D00
1fx7B03
1fxjA02
1fxlA01
1fxlA02
1fxoA00
1fxrA00
1fy2A00
1fy7A01
1fycA00
1fyhB01
1fyhB02
1fzcB03
1fzcC03
1fzdA01
1fzdA02
1fzgA00
1fzpD00
1g03A00
1g0dA01
1g0dA03
1g0dA04
1g0sA00
1g10A00
1g12A00
1g1cA00
1g1kA00
1g1tA01
1g1tA02
1g1xH00
1g25A00
1g29102
1g29103
1g2bA00
1g2cA00
1g2cH00
1g2hA00
1g2nA00
1g2oA00
1g2rA00
1g31A00
1g33A00
1g3gA00
1g3iW02
1g3jD00
1g3kA00
1g3nC01
1g3nC02
1g3pA01
1g3pA02
1g3qA00
1g41A01
1g41A02
1g44C04
1g47A00
1g4aE02
1g4iA00
1g4mA01
1g4mB02
1g4uS01
1g4yB00
1g4yR01
1g55A01
1g55A02
1g5bB00
1g5cA00
1g5hA01
1g5hB02
1g5mA00
1g60B00
1g61A00
1g62A00
1g63A00
1g64B00
1g66A00
1g6eA00
1g6gA00
1g6hA00
1g6sA01
1g6sA02
1g6uA00
1g6xA00
1g6zA00
1g73A00
1g73D00
1g7dA00
1g7eA00
1g7oA01
1g7oA02
1g7sA01
1g7sA02
1g7sA03
1g7sA04
1g86A00
1g87A02
1g8aA01
1g8aA02
1g8fA03
1g8iB02
1g8kB00
1g8lA01
1g8lA02
1g8lA03
1g8lA04
1g8mA01
1g8mA04
1g8mB02
1g8pA01
1g8pA02
1g8qA00
1g8tA00
1g9gA01
1g9gA02
1g9gA03
1g9pA00
1g9rA00
1ga6A00
1gaiA00
1gakA00
1gaxA01
1gaxA02
1gaxA04
1gaxA05
1gbsA00
1gccA00
1gcqC00
1gctA01
1gcyA01
1gcyA02
1gd2F00
1gd9A02
1gdhA01
1gdhA02
1gdjA00
1gdtB02
1gdtB03
1geeA00
1gefA00
1gegA00
1gff200
1gg4A01
1gg4A02
1gg4A03
1ggzA01
1gh2A00
1gh9A00
1gheA00
1ghhA00
1ghjA00
1ghpA00
1giqA01
1gj7B02
1gjjA00
1gjwA01
1gjwA02
1gjzA00
1gk4C00
1gk6A00
1gk8I00
1gk9A01
1gk9A02
1gk9B01
1gk9B02
1gk9B03
1gklA00
1gkmA01
1gkmA02
1gknA02
1gkpA01
1gkpB01
1gkpB02
1gkrA01
1gkrB01
1gkuB08
1gkzA01
1gkzA02
1gl2A00
1gl2B00
1gl2C00
1gl2D00
1gl4B00
1gmeA00
1gmeB00
1gmiA00
1gmjB00
1gmlA00
1gmnB01
1gmuA01
1gmuA02
1gmxA00
1gnlA01
1gnlA02
1gnlA03
1gntA04
1gnwA02
1gnyA00
1go3E01
1go3E02
1go3F01
1go3F02
1go4B00
1go9A00
1gp0A00
1gp6A00
1gp8A00
1gpeA01
1gpeA02
1gpeA03
1gpjA02
1gpjA03
1gpmA01
1gppA00
1gprA00
1gpsA00
1gpzA02
1gq6B00
1gq8A00
1gqgC02
1gqiA01
1gqiA03
1gqnA00
1gqpB00
1gqvA00
1gqyB02
1gr0A01
1gr0A02
1griA01
1grjA01
1grjA02
1gs5A00
1gs9A00
1gsaA01
1gsaA02
1gsaA03
1gskA01
1gskA02
1gskA03
1gsmA01
1gsmA02
1gsoA01
1gsoA03
1gsoA04
1gt0D00
1gtdB00
1gteA01
1gteA02
1gteA03
1gteA04
1gteB05
1gtfA00
1gtkA02
1gtkA03
1gtmA01
1gtmA02
1gttA01
1gtvA00
1gtzA00
1gu2B00
1gu3A00
1gu4A00
1gu7A02
1gu9C00
1gudA01
1guiA00
1gupA02
1gupB01
1guxB00
1gv2A01
1gv2A02
1gv9A00
1gveA00
1gvfB00
1gvjA00
1gvkB01
1gvkB02
1gvnA00
1gvnD00
1gvpA00
1gvzA01
1gvzA02
1gw3A00
1gwcA02
1gwmA00
1gwuA01
1gwuA02
1gwyA00
1gxcA00
1gxeA00
1gxmB00
1gxqA00
1gxrA00
1gxtA00
1gxyA00
1gy6A00
1gyoA00
1gytL01
1gz0B02
1gz0F01
1gz2A00
1gz6B01
1gzhB01
1h03P01
1h03P02
1h0hB01
1h0hB02
1h0oA00
1h0zA00
1h12A00
1h16A00
1h1jS00
1h1lD03
1h1nA00
1h1oA01
1h1oA02
1h29B04
1h29D03
1h2bA02
1h2bB01
1h2eA00
1h2sA00
1h2tC03
1h2uA01
1h2vC02
1h2vZ00
1h2wA02
1h30A01
1h30A02
1h32A01
1h32A02
1h32B00
1h3dA01
1h3fA02
1h3fA03
1h3fB01
1h3iA01
1h3lA00
1h3nA02
1h3nA03
1h3nA04
1h3oA00
1h3oB00
1h3zA00
1h44A01
1h4aX01
1h4aX02
1h4gA00
1h4rA01
1h4rA02
1h4vB02
1h4xA00
1h54A01
1h54A02
1h54A03
1h59B00
1h5oA00
1h5qA00
1h5wB01
1h5wB03
1h67A00
1h6dA01
1h6dA02
1h6fA00
1h6gA01
1h6gB02
1h6hA00
1h6kA01
1h6lA00
1h6tA01
1h6uA02
1h6uA03
1h6wA01
1h6wA02
1h70A00
1h75A00
1h7cA00
1h7dA00
1h7sA01
1h7sA02
1h7vA00
1h80B00
1h8bA00
1h8bB00
1h8cA00
1h8eG01
1h8eG02
1h8eH00
1h8gA00
1h8lA01
1h8lA02
1h8pA02
1h8uB00
1h97A00
1h98A00
1h99A01
1h99A02
1h9eA00
1h9fA00
1h9mA02
1ha0A02
1ha8A00
1haeA00
1harA02
1hb6A00
1hbkA00
1hbnA01
1hbnA02
1hbnA03
1hbnB01
1hbnB02
1hbnC00
1hbwA00
1hc7A01
1hc7A02
1hc7B03
1hc9A00
1hcdA00
1hciA01
1hciA02
1hciA04
1hcnA00
1hcnB00
1hcqB00
1hcrA00
1hczA02
1hd2A00
1hd7A00
1hdfA00
1hdhA01
1hdhA02
1hdlA00
1hdoA00
1he1A00
1he8A03
1hehC00
1heiA01
1heiA02
1heiA03
1hekA00
1hf2A01
1hf2C02
1hf8A01
1hf8A02
1hfeL01
1hfeL02
1hfeL03
1hfeS00
1hfiA00
1hg8A00
1hgvA00
1hh1A00
1hh2P01
1hh2P02
1hh8A00
1hhnA00
1hicA00
1hj0A00
1hj8A02
1hj9A01
1hj9A02
1hjrA00
1hk8A00
1hkfA00
1hkqA00
1hksA00
1hkyA00
1hl6C00
1hl9A02
1hl9B01
1hlbA00
1hlcA00
1hlqA00
1hlvA01
1hlvA02
1hm9A01
1hm9A02
1hn0A01
1hn0A02
1hn0A03
1hn0A04
1hn6A00
1hnjA01
1hnrA00
1hnuA00
1ho8A01
1ho8A02
1hp1A01
1hp1A02
1hp7A01
1hp8A00
1hpiA00
1hq0A00
1hq1A00
1hq8A00
1hqiA00
1hqkA00
1hqoA02
1hqsA00
1hqvA00
1hqz800
1hr0W00
1hr6B02
1hr6C01
1hr7C02
1hrnA02
1hruA00
1hs7A00
1hsjA03
1hskA01
1hskA02
1hskA03
1hsmA00
1hssA00
1hstA00
1ht6A01
1ht6A02
1htmD00
1httA02
1htwA00
1hu3A00
1hufA00
1hulA00
1huxA01
1huxA02
1hw1A01
1hw5A01
1hw5A02
1hw7A01
1hw7A02
1hw8A01
1hwmA02
1hwxA01
1hwxA03
1hx0A01
1hx0A02
1hx1B00
1hx2A00
1hx6A01
1hx6A02
1hxdA02
1hxhA00
1hxiA00
1hxmA01
1hxmA02
1hxmB01
1hxmB02
1hxnA00
1hxrB00
1hxvA00
1hy5B00
1hy9A00
1hyeA01
1hyeA02
1hyhA01
1hyhC02
1hykA00
1hymA00
1hynR00
1hyoA01
1hyoA02
1hypA00
1hyuA02
1hyuA04
1hywA00
1hz4A00
1hz6B00
1hzdA01
1hzdA02
1hzfA00
1hzhH01
1hzmA00
1hztA00
1hzxB00
1i07A00
1i0rA00
1i0vA00
1i12D00
1i16A00
1i17A00
1i1gA02
1i1jB00
1i1nA00
1i1qA00
1i1rA01
1i1rB00
1i1wA00
1i24A01
1i24A02
1i27A00
1i2aA01
1i2aA02
1i2kA01
1i2kA02
1i2mB00
1i2tA00
1i2uA00
1i36A01
1i36A02
1i3oF00
1i3zA00
1i42A00
1i4dA00
1i4jA00
1i4mA00
1i4nA00
1i4oC00
1i4uB00
1i4wA01
1i4wA02
1i52A00
1i58A00
1i5jA00
1i5nD00
1i5pA01
1i5pA02
1i5pA03
1i60A00
1i6aA01
1i6aA02
1i6kA01
1i6lA02
1i6pA00
1i6uA01
1i6uB02
1i71A00
1i78A00
1i7dA01
1i7dA02
1i7dA03
1i7dA04
1i7hC00
1i7nA01
1i7nA03
1i7oA02
1i7qB00
1i82A00
1i88A01
1i88A02
1i8dA01
1i8dC02
1i8nA00
1i8oA00
1i8tA01
1i9gA01
1i9gA02
1i9zA00
1ia8A01
1ia9A01
1iabA00
1iakB01
1iamA01
1iamA02
1iarB01
1iarB02
1ib8A01
1ib8A02
1ibrB00
1ibtC00
1ibvB00
1ibxA00
1ibxB00
1ibyA00
1ic2B00
1ic8A01
1ic8A02
1icfI00
1ichA00
1icrA00
1icwB00
1id0A00
1id1A00
1idpA00
1ie9A00
1iedA00
1iejA01
1ifcA00
1ifpA00
1ifqB00
1ifrA00
1ifwA00
1ifyA00
1ig0A02
1ig3A01
1ig3A02
1ig6A00
1ig8A02
1igdA00
1ignA01
1ignB02
1igqB00
1igwA00
1ihgA02
1ihjB00
1ihkA00
1ihoA02
1ihuA01
1ihuA02
1ii5A01
1ii5A02
1ii7A01
1iibA00
1iicA01
1iicA02
1iieA00
1iilG02
1iioA00
1iipA02
1iirA01
1iirA02
1ijbA00
1ijqA01
1ijqA02
1ijyA00
1ik3A02
1ik3A03
1ik7A00
1ik9A01
1ik9B02
1iknD00
1ikoP00
1ikpA01
1ikpA02
1iktA00
1ileA01
1ileA03
1iloA00
1im2A02
1im2A03
1im3D00
1im5A00
1im8B00
1imhC02
1imjA00
1imlA00
1imoA00
1imtA00
1imvA01
1imvA02
1in0A01
1in0A02
1in4A01
1in4A02
1in4A03
1inlC02
1inlD01
1inpA01
1inpA02
1inpA03
1io0A00
1io1A01
1io1A02
1io1A03
1io2A01
1io2A02
1io7A00
1iodG00
1iojA00
1iomA01
1iomA02
1iooA00
1iowA01
1iowA02
1iowA03
1ip9A00
1ipaA01
1iq0A01
1iq0A02
1iq0A03
1iq4A00
1iq6B00
1iq8A01
1iq8A02
1iq8A03
1iq8A04
1iqcA01
1iqcA02
1iqoA00
1iqpA03
1iqqA00
1iqvA00
1iqzA00
1irqA00
1irxA01
1irxA02
1irxA05
1iryA00
1irzA00
1is3A00
1isiA02
1ispA00
1isuA00
1it2A00
1itbB01
1itbB02
1itbB03
1ithA00
1itkA01
1itkA02
1itkA04
1ituA00
1itvA00
1itxA01
1itxA02
1iu4A00
1iu8A00
1iuaA00
1iufA01
1iufA02
1iugA01
1iuhA00
1iujA00
1iupA00
1iuqA01
1iuqA02
1iv0A00
1iv6A00
1iv8A01
1iv8A02
1iv8A03
1iv8A04
1iv8A05
1ivhA03
1ivnA00
1ivyB00
1ivzA00
1iw4A00
1iwlA00
1iwmA00
1ix2A00
1ixcA01
1ixcA02
1ixcA03
1ixdA00
1ixhA01
1ixhA02
1ixlA00
1ixmA01
1ixmB02
1ixrB03
1iy8A00
1iy9A02
1iybA00
1iymA00
1iynA02
1iyrA00
1iyuA00
1iz0A01
1iz0A02
1iz2A01
1iz5A00
1izcA00
1izoA00
1j02A00
1j03A00
1j09A01
1j09A02
1j09A03
1j09A04
1j09A05
1j0aA01
1j0aA02
1j0hA02
1j0pA00
1j0tA00
1j1dB00
1j1dE00
1j1iA00
1j1jA01
1j1jA02
1j1lA01
1j1lA02
1j1nA01
1j1tA00
1j1vA00
1j23A00
1j27A00
1j2fA00
1j2gA00
1j2jB00
1j2nA00
1j2oA00
1j2rA00
1j2zA02
1j30A00
1j31A00
1j34A00
1j34B00
1j34C00
1j3aA00
1j3bB01
1j3eA00
1j3gA00
1j3mA00
1j3tA00
1j3uA03
1j3wC00
1j4aD01
1j4wA01
1j4wA02
1j57A00
1j58A01
1j58A02
1j5pA02
1j5sA01
1j5sA02
1j5uA01
1j5wA02
1j5wB01
1j5xA01
1j5xA02
1j5yA01
1j5yA02
1j6oA00
1j6uA01
1j6uA02
1j6uA03
1j6wB00
1j71A01
1j71A02
1j72A01
1j77A00
1j7mA00
1j7nA01
1j7nB03
1j7nB04
1j7qA00
1j7xA02
1j83A00
1j8bA00
1j8cA00
1j8fC01
1j8iA00
1j8kA00
1j8mF01
1j8rA00
1j8uA00
1j93A00
1j98A00
1j99A00
1j9iA00
1ja1A01
1ja1A02
1ja1A03
1ja1A04
1ja9A00
1jadA00
1jajA01
1jajA02
1jakA01
1jakA02
1jayA00
1jb0A00
1jb0C00
1jb0D00
1jb0E00
1jb0F00
1jb0J00
1jb0K00
1jb0L00
1jb3A00
1jb7A01
1jb7A02
1jb7A03
1jb7B00
1jbaA01
1jbeA00
1jbiA00
1jbjA01
1jboA00
1jbwA02
1jc4A00
1jc9A01
1jcdB00
1jceA01
1jcfA02
1jcfA03
1jcnA00
1jcuA00
1jd0B00
1jd1E00
1jd5A00
1jdhA00
1jdpA01
1jdpB02
1jdqA00
1jdwA00
1je0C00
1je3A01
1je5A00
1je6A01
1je6A02
1je8E00
1jegA00
1jekA00
1jeqA05
1jerA00
1jetA01
1jetA02
1jetA03
1jeyA01
1jeyA02
1jeyA03
1jeyA04
1jeyB01
1jeyB02
1jeyB03
1jf3A00
1jf8A00
1jfbA00
1jfiA00
1jfiB00
1jfjA01
1jfjA02
1jfkA02
1jflA01
1jflA02
1jfmA00
1jfrA00
1jftA01
1jfuA00
1jfwA00
1jfxA00
1jfzA00
1jg1A00
1jg5A00
1jg7A01
1jg7A02
1jg8A01
1jg8A02
1jggA00
1jgsA00
1jgtB01
1jh3A00
1jh6A00
1jhdA02
1jhfA02
1jhfB00
1jhgA00
1jhjA00
1jhnA01
1jhnA02
1jhsA00
1ji0A00
1ji1A01
1ji1A02
1ji1A03
1ji4A00
1ji6A02
1ji6A03
1ji7A00
1jidA00
1jigA00
1jiwI00
1jj2G00
1jjdA00
1jjeB00
1jjfA00
1jjgA00
1jjoA00
1jjoC02
1jjsA00
1jkeA00
1jkgA00
1jkgB00
1jkmA00
1jkvA01
1jkwA02
1jkxA00
1jl0A00
1jl1A00
1jl5A00
1jlcB03
1jlcB04
1jliA00
1jlvA01
1jlvA02
1jlxA01
1jlxA02
1jm1A00
1jm7A00
1jm7B00
1jmaB01
1jmcA02
1jmkC01
1jmkC02
1jmoA01
1jmoA02
1jmsA01
1jmsA03
1jmsA04
1jmtA00
1jmuB01
1jmuB02
1jmuB03
1jmuB04
1jmvA00
1jmxA03
1jmxB00
1jndA01
1jndA02
1jniA00
1jnmA00
1jnrA01
1jnrA02
1jnrA03
1jnrB01
1jnsA00
1jnyA01
1jo0A00
1jo6A00
1jo8A00
1jocA01
1jofA00
1jogA00
1josA00
1jovA00
1joyA00
1jp4A01
1jp4A02
1jpdX01
1jpdX02
1jpyX00
1jq0A00
1jq4A00
1jqeA00
1jqjC02
1jqjD03
1jqlB00
1jqpA02
1jr1B00
1jr2A01
1jr2A02
1jr3C02
1jr3D02
1jr3D03
1jr7A00
1jr8A00
1jrmA00
1jroB01
1jroB02
1js1X02
1js1Y01
1js3A01
1js3A02
1js3A03
1js8A01
1js8B02
1jsdA01
1jsdA02
1jsdB00
1jsgA00
1jssA00
1jsuC00
1jswB03
1jsxA00
1jt8A00
1jtdB00
1jthB00
1jtvA00
1ju3A01
1ju3A02
1ju3A03
1ju5A00
1juhA01
1juhA02
1junA00
1jusA02
1jusD01
1juvA00
1jv1B01
1jv2A02
1jv2A03
1jv2A04
1jvaB02
1jvnA01
1jvnA02
1jvrA00
1jvwA00
1jw2A00
1jw3A00
1jw9B00
1jwhC02
1jwoA00
1jwqA00
1jx4A02
1jx4A03
1jx4A04
1jx6A01
1jx6A02
1jx7A00
1jxcA00
1jxmA01
1jxzC02
1jy1A01
1jy2N00
1jy2O00
1jy2S00
1jy5A00
1jyaB00
1jyeA01
1jyeA02
1jyhA00
1jykA00
1jyoA00
1jz7A01
1jz7A02
1jz7A03
1jz7A04
1jz8A05
1jznA00
1jzoA02
1jzuA00
1k04A01
1k04A02
1k0dB01
1k0eA00
1k0hA00
1k0mA01
1k0oB02
1k0rA03
1k0rA04
1k0wA00
1k12A00
1k1aA00
1k1eD00
1k1gA00
1k1vA00
1k2eA00
1k2fA02
1k32A01
1k32A02
1k32A03
1k32A04
1k32A05
1k36A00
1k38A00
1k3eA01
1k3eB01
1k3eB02
1k3iA01
1k3iA02
1k3iA03
1k3kA00
1k3rA01
1k3rA02
1k3sA00
1k3tA01
1k3yA02
1k42A00
1k47A02
1k4iA00
1k4nA00
1k4tA01
1k4tA04
1k4zA00
1k55C00
1k5cA00
1k5nA01
1k5nA02
1k5nB00
1k5rA00
1k61C00
1k68A00
1k6kA00
1k6yA01
1k77A00
1k78A01
1k78B00
1k78I00
1k7bA00
1k7cA00
1k7iA01
1k7iA02
1k7jA00
1k7kA00
1k7wA01
1k7wA02
1k7wA03
1k85A00
1k87A01
1k87A02
1k87A03
1k8bA00
1k8kA02
1k8kA03
1k8kA04
1k8kC00
1k8kD01
1k8kD02
1k8kE00
1k8kF00
1k8kG00
1k8qA00
1k8rB00
1k8uA00
1k8vA00
1k90E01
1k92A01
1k92A02
1k92A03
1k94A00
1k99A00
1k9cA00
1k9oI01
1k9oI02
1ka1A01
1ka1A02
1ka8A00
1ka9H00
1kaeA01
1kaeA02
1kafD00
1kamA00
1kb0A01
1kb0A02
1kb2B00
1kbeA00
1kblA01
1kblA02
1kblA03
1kblA04
1kblA05
1kblA06
1kbvA01
1kbvA02
1kbzA01
1kcfB00
1kcgC00
1kcmA00
1kcqA00
1kcxA01
1kcxA02
1kdgA01
1kdgA02
1kdjA00
1keaA01
1keaA02
1kehA01
1kehA02
1keiA01
1keiA02
1kf6B02
1kf6C00
1kf6D00
1kfdA02
1kfiA02
1kfiA03
1kfiA04
1kftA00
1kfwA02
1kg0C00
1kg2A01
1kg2A02
1kgcD01
1kgcE01
1kgdA01
1kgdA02
1kgsA01
1kgsA02
1kh1C01
1khcA01
1khcA02
1khdA01
1khdD02
1khiA01
1khiA02
1khtB00
1khxA00
1khyD00
1ki1B01
1ki1B02
1kidA00
1kilE00
1kj6A00
1kjlA00
1kjnA00
1kjqA01
1kjqA02
1kjqB03
1kjwA02
1kjzA03
1kk1A01
1kk1A02
1kkeA02
1kkeB01
1kkhA01
1kkhA02
1kkoA01
1kkoA02
1kkxA00
1kl7A01
1kl7A02
1kl9A01
1kl9A02
1klfB02
1kliL00
1kloA01
1kloA02
1kloA03
1klpA00
1klxA00
1kmdA00
1kmiZ01
1kmiZ02
1kmmA01
1kmoA01
1kmoA02
1kmtA00
1kmvA00
1kmxA00
1kn1B00
1kn6A00
1kn7A00
1kngA00
1knmA00
1knqA00
1knvA00
1knwA01
1knwA02
1knxA01
1knxE02
1knyA01
1knyA02
1ko7A01
1ko7A02
1koaA03
1kobA01
1kobA02
1koeA00
1kolA01
1kolA02
1konA01
1konA03
1kopA00
1korA02
1korB01
1koyA00
1kp6A00
1kp8A02
1kpfA00
1kptA00
1kq1H00
1kq3A01
1kq3A02
1kq6A00
1kq8A00
1kqfB01
1kqfB02
1kqfB03
1kqfC00
1kqpA00
1kqrA00
1kr4A00
1kr7A00
1krhA01
1krhA02
1krhA03
1ks8A00
1ks9A01
1ks9A02
1kshB00
1ksiA01
1ksiA02
1ksiA03
1ksqA00
1kt6A00
1ktbA02
1ktgA00
1kthA00
1ktkF02
1ku1A01
1ku1A02
1ku3A00
1ku9A01
1ku9A02
1kufA00
1kutB01
1kv3A01
1kv3A03
1kv4A00
1kv7A01
1kv7A02
1kv9A02
1kvdA00
1kvdB00
1kvkA01
1kvnA00
1kw3B01
1kw3B02
1kwaA00
1kwfA00
1kwgA01
1kwgA02
1kwgA03
1kwiA00
1kx2A00
1kx5A00
1kx5B00
1kx5D00
1kxlA00
1kxpD01
1kxpD02
1kxpD03
1kxpD04
1kxpD05
1kxuA01
1ky9A01
1ky9B03
1ky9B04
1kyfA01
1kyfA02
1kyhA00
1kyiS02
1kyqA02
1kyqA03
1kyqB01
1kz1C00
1kz7C02
1kza100
1kzfA00
1kzlA02
1kzqA01
1kzqA02
1kzyC02
1l0lF00
1l0oC00
1l0qA01
1l0qA02
1l0sA00
1l0wA01
1l0wA02
1l0wA03
1l1dB00
1l1eB00
1l1jA01
1l1lA01
1l1lA02
1l1lA03
1l1oC02
1l1oF01
1l1qA00
1l1sA00
1l2hA00
1l2lA01
1l2mA00
1l2pA00
1l3aA00
1l3gA00
1l3iA00
1l3kA01
1l3kA02
1l3lA01
1l3lA02
1l3pA00
1l4aA00
1l4dB00
1l4sA01
1l5hA02
1l5jA02
1l5jA05
1l5oA01
1l5oA02
1l5pA00
1l5xA00
1l6jA03
1l6jA05
1l6pA00
1l6rA01
1l6rA02
1l6wA00
1l6xA01
1l6xA02
1l6zA02
1l7aA00
1l7bA00
1l7dA02
1l7eA01
1l7lA00
1l7mA02
1l7mB01
1l7vC00
1l8aA03
1l8bB00
1l8cA00
1l8dA00
1l8nA01
1l8nA02
1l8qA01
1l8qA02
1l8qA03
1l8rB00
1l8yA00
1l9bM01
1l9lA00
1l9xA00
1la1A00
1labA00
1lamA01
1lamA02
1lb2B00
1lb3A00
1lb6A00
1lbaA00
1lbuA01
1lbuA02
1lbvA01
1lbvA02
1lc0A01
1lc0A02
1lc5A01
1lc5A02
1lciA01
1lciA02
1lciA03
1lciA04
1lcyA01
1lcyA02
1lcyA03
1lddA00
1ldfA00
1ldjA01
1ldjA02
1ldjA03
1ldjA04
1ldjA05
1ldjA06
1ldjA07
1ldkB03
1ldkE00
1ldtL00
1le6A00
1le8B00
1lehA01
1lf6A01
1lf6A02
1lf7A00
1lfbA00
1lfdA00
1lfkA00
1lfpA02
1lfpA03
1lfwA01
1lg7A00
1lghA00
1lghB00
1lgpA00
1lh0B00
1li4A01
1li4A02
1lj5A01
1lj5A02
1lj8A01
1lj8A02
1ljoA00
1lk3A00
1lkeA00
1lkfA00
1lkiA00
1lkkA00
1lkoA01
1lkoA02
1lktA00
1ll3A00
1ll8A00
1llaA01
1llaA02
1llaA03
1lldA01
1lldA02
1llfA00
1llmC01
1llmD02
1llnA02
1lluA01
1lluA02
1lm0A00
1lm5B00
1lm7A00
1lm8V01
1lm8V02
1lmb300
1lmeA00
1lmiA00
1lmjA00
1lmlA01
1lmlA02
1lmlA03
1lmlA04
1ln1A00
1lngA00
1lniA00
1lnsA02
1lo7A00
1loxA01
1loxA02
1loxA03
1lp1B00
1lp9E01
1lpbA00
1lpvA00
1lq7A00
1lq9A00
1lqaA00
1lqlA01
1lqlA02
1lqsL01
1lqsL02
1lqtA01
1lqtA02
1lqvB00
1lr5B00
1lr7A00
1lreA00
1lrvA00
1lrzA01
1lrzA02
1lrzA03
1ls1A01
1lshA01
1lshA02
1lshA03
1lshA04
1lshB00
1lslA01
1lssA00
1lstA01
1lstA02
1lt3A00
1lt7B00
1ltdA01
1ltlA01
1ltlA02
1ltlA03
1ltmA02
1ltqA02
1ltsA00
1ltsC00
1ltzA00
1lu4A00
1lu9A01
1lu9A02
1lucA00
1lucB00
1lufA01
1lugA00
1lurA00
1luzA00
1lv3A00
1lv7A01
1lv7A02
1lvaA01
1lvaA02
1lvaA03
1lvaA04
1lvbA01
1lvfB00
1lvmA01
1lvmA02
1lvoA02
1lvoA03
1lw7A01
1lw7A02
1lwbA00
1lwcA05
1lwjA03
1lwrA00
1lwuB03
1lwuC03
1lxjA00
1lxlA00
1lxmA04
1ly1A00
1ly2A01
1ly2A02
1lyaA00
1lyaB00
1lyvA00
1lzjA00
1lzlA00
1m06G00
1m0dA00
1m0kA00
1m0uA02
1m0wA01
1m0wA02
1m0wA03
1m0wA04
1m0wA05
1m12A00
1m15A01
1m15A02
1m1eB01
1m1fB00
1m1gB03
1m1hA01
1m1hA02
1m1jA00
1m1jB03
1m1jC03
1m1nA01
1m1nA02
1m1nA03
1m1nB01
1m1nB02
1m1nB03
1m1nB04
1m1qA00
1m1sA00
1m1zA02
1m22A00
1m2dA00
1m2tA02
1m2tB02
1m2xA00
1m32A01
1m32A02
1m33A00
1m3kA01
1m3kA02
1m3qA01
1m3qA02
1m3qA03
1m3sB00
1m3uA00
1m3yA01
1m3yA02
1m40A00
1m41A00
1m45A01
1m45A02
1m48B00
1m4iB00
1m4jA00
1m4lA00
1m4rB00
1m4uA01
1m4uA02
1m55A00
1m56C01
1m56D00
1m5iA00
1m5q101
1m5q102
1m5wA00
1m5yA03
1m5yC02
1m5zA00
1m62A00
1m65A00
1m6bA04
1m6bB04
1m6iA01
1m6iA02
1m6iA03
1m6kA00
1m6yA01
1m6yA02
1m70A01
1m70A02
1m7bA00
1m7gC00
1m7lA00
1m7vA01
1m7xA03
1m7xB01
1m7xB02
1m7yA01
1m7yA02
1m8nB00
1m8oB00
1m8zA00
1m93B01
1m93B02
1m94A00
1m98A01
1m98A02
1m9hA00
1m9oA00
1m9sA04
1m9sA05
1m9zA00
1maiA00
1mb3A00
1mbaA00
1mbmA01
1mbmA02
1mbmB03
1mbxD00
1mc0A01
1mc2A00
1mcpH02
1md6A00
1mdaH00
1mdbA01
1mdbA02
1mdbA03
1mdbA04
1mdcA00
1mdlA01
1mdlA02
1mdoA01
1mdoA02
1mdyA00
1me8A00
1mexH01
1meyC03
1mf7A00
1mfaH01
1mfwA00
1mg1A03
1mg7A01
1mg7A02
1mgpA02
1mgqF00
1mgtA01
1mgtA02
1mh1A00
1mh3A03
1mh5B02
1mhhF00
1mhmA00
1mhnA00
1mhwA00
1mi3A00
1mi8A00
1mijA00
1milA00
1mioA01
1mioB02
1mioB04
1mirA00
1mixA01
1mixA02
1mj3A02
1mj4A00
1mj5A00
1mjfB02
1mjhB00
1mjnA00
1mjuH01
1mjuL01
1mk0A00
1mk4A00
1mkaA00
1mkcA00
1mkeA00
1mkfA01
1mkfA02
1mkhA00
1mkiA01
1mkkB00
1mkmA02
1mkmB01
1mknA00
1mkxL00
1mkyA01
1mkyA02
1mkyA03
1mkzA00
1ml4A01
1ml4A02
1ml8A01
1ml9A00
1mlaA01
1mlaA02
1mldA01
1mldA02
1mmlA01
1mmlA02
1mn8D00
1mnmC00
1mnnA00
1mntA00
1mo9A01
1mo9A02
1mo9A03
1moeA02
1moqA01
1moqA02
1mowA01
1moxD00
1mp1A00
1mpgA01
1mpgA02
1mpgA03
1mppA01
1mppA02
1mpxA03
1mpyA01
1mpyA02
1mqiA01
1mqiA02
1mqoA00
1mqsA01
1mqsA02
1mqsA03
1mqsA04
1mqsB00
1mqvA00
1mr1D00
1mr3F00
1mr4A00
1mr6A00
1mr7C00
1mrzA01
1mrzB02
1mscA00
1mskA02
1mspB00
1mswD01
1mswD02
1mswD03
1mswD04
1mszA00
1mtpA01
1mtpA02
1mtyB00
1mtyD00
1mtyG01
1mtyG02
1mtzA00
1mu5A01
1mu5A02
1mugA00
1musA01
1musA02
1musA03
1mutA00
1muwA00
1mv8A01
1mveA00
1mvfD00
1mvlA00
1mw7A01
1mw7A02
1mw7A03
1mw9X01
1mw9X02
1mw9X03
1mw9X04
1mwpA00
1mwqA00
1mwwB00
1mwyA00
1mx3A01
1mx3A02
1mxgA02
1mxiA00
1mxrA00
1mxtA01
1my5A00
1my7A00
1mynA00
1mz9A00
1mzkA00
1mzpA02
1mzuB00
1mzwA00
1n00A01
1n00A02
1n00A03
1n00A04
1n02A00
1n0qB00
1n0rA00
1n0uA01
1n0uA02
1n0uA03
1n0uA04
1n0uA05
1n0uA06
1n0wA00
1n0zA00
1n11A00
1n12A00
1n13B00
1n13E00
1n1bA01
1n1bB02
1n1cB02
1n1fA00
1n1iC02
1n1jA00
1n1jB00
1n1tA01
1n1tA02
1n26A01
1n26A02
1n26A03
1n27A00
1n2aA02
1n2mC00
1n2sA02
1n2zA01
1n2zA02
1n32L00
1n3jA00
1n3kA00
1n3lA01
1n3lA02
1n40A00
1n45A00
1n4cA01
1n4kA01
1n4kA02
1n4qB00
1n4wA02
1n54B00
1n55A00
1n57A00
1n5uA01
1n5uA02
1n5uA03
1n5uA04
1n5uA05
1n5uA06
1n62A01
1n62A02
1n62B02
1n62B03
1n62B04
1n62B05
1n62C01
1n62C02
1n62C03
1n62E01
1n67A01
1n67A02
1n69A00
1n6uA01
1n6uA02
1n6zA00
1n71B00
1n73D00
1n7eA00
1n7hA02
1n7hB01
1n7kA00
1n7oA01
1n7oA02
1n7oA03
1n7sA00
1n7sB00
1n7sD00
1n7vA01
1n7vA02
1n7vA03
1n7zA01
1n7zA02
1n81A00
1n8iA04
1n8lA00
1n8vB00
1n8yC01
1n8zC04
1n91A00
1n93X01
1n93X02
1n97A00
1n9gA01
1n9lA00
1n9pA00
1n9rB00
1n9wA01
1na0A00
1na3A00
1nafA01
1narA00
1nb0A00
1nbaB00
1nbcA00
1nbuA00
1nbwB00
1nc5A00
1nc7A00
1ncnA00
1ncqD00
1ncsA00
1nctA00
1ncwH01
1ncwH02
1ncxA01
1nd4A02
1nd6A00
1nd9A00
1ne2B00
1ne5A00
1ne6A02
1ne8A00
1ne9A01
1ne9A02
1nekC00
1nepA00
1neqA00
1neuA00
1nexA00
1nexB01
1nexB02
1nezH00
1nf1A01
1nf1A02
1nf2A01
1nf2A02
1nf3C00
1nf9A00
1nfpA00
1nfvA00
1ng0C00
1ng2A01
1ng2A02
1ng6A01
1ng6A02
1ngmB00
1ngmJ00
1ngnA00
1ngrA00
1ngzB02
1nh2B00
1nh2C00
1nh2D01
1nh2D02
1nh8A01
1nh8A02
1nh8A03
1nhlA00
1nhpA01
1nhpA02
1nhpA03
1nhwA00
1nhyA01
1nhyA02
1ni4A00
1ni7A00
1ni9A01
1ni9A02
1nigA00
1nijA01
1nijA02
1nirA01
1nj1A03
1nj8A03
1njgA01
1njgA02
1njgB01
1njhA00
1njkA00
1njrA00
1nk3P00
1nkdA00
1nkiA00
1nklA00
1nkqF00
1nkrA01
1nkrA02
1nktA01
1nktA02
1nktA03
1nktA04
1nkvB00
1nkzA00
1nkzB00
1nlfA00
1nlnA00
1nlqE00
1nlsA00
1nltA01
1nltA02
1nltA03
1nlwD00
1nlwE00
1nlxA00
1nm2A01
1nm2A02
1nm3A01
1nm3A02
1nmlA01
1nmuB00
1nmvA01
1nn3A00
1nn4A00
1nn6A01
1nn6A02
1nn7A00
1nnfA01
1nnfA02
1nnhA00
1nni100
1nnlA01
1nnwB00
1nnxA00
1no1A00
1no4C00
1no5B00
1no8A00
1nofA01
1nofA02
1nogA00
1nowA01
1nowA02
1noxA00
1noyB01
1noyB02
1np3B01
1np6B01
1np7A02
1np7B01
1np7B02
1np8A00
1npeA00
1npiA00
1npsA00
1npyA01
1npyA02
1nq7A00
1nqeA01
1nqjB00
1nqlB00
1nqzA00
1nr0A01
1nr0A02
1nr3A00
1nr4A00
1nriA00
1nrjA00
1nrjB00
1nrlB00
1nrvA00
1nrwA02
1nrzA00
1ns5B00
1nsaA01
1nscA00
1nsjA00
1nslA00
1nsoA00
1nstA00
1nsxA00
1nt4A01
1ntcA00
1ntmK00
1ntvA00
1ntyA01
1ntyA02
1nu0A00
1nu4A00
1nubA01
1nulA00
1nupB00
1nuwA02
1nv8A02
1nv8B01
1nvmA01
1nvmA02
1nvmB01
1nvmB02
1nvpB00
1nvpC00
1nvpD02
1nw3A02
1nw9B00
1nwaA00
1nwbA00
1nwqA00
1nwwA00
1nwzA00
1nx8B00
1nxcA00
1nxhA00
1nxiA00
1nxmA00
1nxuA01
1nxuA02
1nxuA03
1ny1A00
1ny4A00
1ny5A01
1ny5B03
1ny8A00
1ny9A00
1nyaA00
1nycA00
1nykA00
1nynA00
1nyoA00
1nypA00
1nytA01
1nytA02
1nz0D00
1nz8A00
1nzaA00
1nzeA00
1nziA01
1nziB02
1nznA00
1nzyA01
1o04A01
1o04A02
1o08A01
1o08A02
1o0vA01
1o0wA01
1o0wA02
1o12A01
1o13A00
1o17D02
1o1yA00
1o1zA00
1o20A01
1o20A02
1o22A00
1o2dA01
1o2dA02
1o3uA00
1o3xA00
1o4sA02
1o4tA00
1o4uA01
1o4wA00
1o4xA02
1o4yA00
1o54A01
1o54A02
1o57A01
1o57B02
1o59A01
1o59A02
1o5lA00
1o5uA00
1o5zA02
1o63A01
1o63A02
1o67C00
1o6dA00
1o6lA01
1o6lA02
1o6vB02
1o6wA01
1o6wA02
1o6zA01
1o6zA02
1o70A01
1o70A02
1o75A03
1o75A04
1o7dC01
1o7dC02
1o7dD01
1o7dE00
1o7eB00
1o7fA01
1o7fA02
1o7fA03
1o7iB00
1o7jA01
1o7jA02
1o7zA00
1o82A00
1o89A01
1o89A02
1o8bA02
1o8bB01
1o8rA00
1o8vA00
1o8xA00
1o91A00
1o94A01
1o94A02
1o94A03
1o97C00
1o97D01
1o98A01
1o98A02
1o9aA01
1o9gA01
1o9gA02
1o9iA02
1o9rA00
1oaaA00
1oacA02
1oacA03
1oacA04
1oaiA00
1oaoC01
1oaoC02
1oaoC03
1oaoC04
1oaoD05
1oaqL00
1ob3A01
1ob8B00
1obfO01
1obhA01
1oboA00
1obrA00
1oc2A02
1oc7A00
1ocyA01
1ocyA02
1od3A00
1od6A00
1odfA00
1odmA00
1odoA00
1oe4A00
1oe8A01
1oe8A02
1oedE00
1oeyA00
1oeyL00
1of5A00
1of5B00
1of8A00
1ofdA01
1ofdA02
1ofdA03
1ofdA04
1oflA00
1ofuX00
1ofwA02
1ofzA00
1ogaD01
1ogaD02
1ogaE01
1ogoX02
1ogqA00
1oh0B00
1oh1A00
1oh4A00
1oheA01
1oheA02
1ohhG00
1ohpA00
1ohtA00
1ohuB00
1ohvA01
1ohvA02
1oi0A00
1oi2A01
1oi2A02
1oi4A00
1oi7A01
1oi7A02
1oiaB00
1oisA01
1oisA02
1oj5A00
1ojhA00
1ojjA00
1ojqA00
1ojuA02
1ok0A00
1ok3A01
1ok3A02
1ok8A04
1okcA00
1okgA01
1okgA02
1okgA03
1okiA01
1okiA02
1oksA00
1oktA01
1oktA02
1olgA00
1olrA00
1olzA01
1olzA02
1olzA03
1om2A00
1omiA02
1omrA01
1omrA02
1omwA04
1omwA05
1omwG00
1omzB00
1on2A01
1on2A02
1on3B01
1on4A00
1on9D02
1onfA02
1onvB00
1onwA01
1onwB02
1oo0A00
1ooeA00
1oohA00
1ooyA01
1ooyA02
1op3H01
1opcA00
1opjA01
1opkA01
1opkA02
1opzA00
1oq1A00
1oq4A00
1oqcB00
1oqjA00
1oqvA00
1oqyA01
1or0B01
1or4B00
1or5A00
1or8A02
1orfA02
1orjD00
1ornA01
1ornA02
1orsC00
1oruA00
1orvA01
1orvA02
1os1A03
1osdA00
1osnC00
1ospO02
1otgA00
1othA02
1otkA00
1otrA00
1otsA00
1otvA00
1ou5A01
1ou5A02
1ou8A00
1ouvA00
1ouwA00
1ov3A01
1ov3A02
1ovlB00
1ovmA02
1ovyA00
1ow0A01
1ow0A02
1ow1A00
1ow4A00
1ow6A01
1owfA00
1owfB00
1owlA02
1owlA03
1owwA00
1owxA00
1ox0A01
1ox0A02
1ox3A00
1oxjA01
1oxjA02
1oxwC00
1oxxK01
1oxxK02
1oxxK03
1oy2A00
1oyiA00
1oyzA00
1oz2A01
1oz2A02
1oz2A03
1oz9A00
1ozhA03
1ozhB03
1ozhD01
1ozhD02
1ozjB00
1oznA00
1p0kA00
1p0sL02
1p0t100
1p15B00
1p16B02
1p1aA00
1p1eA00
1p1mA01
1p1mA02
1p1tA00
1p1xB00
1p22A01
1p22A02
1p2fA01
1p2fA02
1p2xA00
1p2zA01
1p2zA02
1p2zA03
1p2zA04
1p32C00
1p35C00
1p3cA01
1p3cA02
1p3dA01
1p3dA03
1p3qQ00
1p3wA01
1p3wA02
1p3y100
1p42A01
1p42A02
1p49A02
1p49A03
1p4cA00
1p4oA02
1p4tA00
1p4uA00
1p4wA00
1p4xA01
1p4xA02
1p53A01
1p53A02
1p53A03
1p57B02
1p5dX01
1p5dX02
1p5dX03
1p5dX04
1p5jA01
1p5jA02
1p5qA02
1p5tA00
1p5vB00
1p6oA00
1p6qA00
1p6rA00
1p71B00
1p77A01
1p7hL01
1p7hL02
1p7lA01
1p7nA00
1p7tA01
1p7tA03
1p7tB02
1p7tB04
1p8jA02
1p90A00
1p99A01
1p99A02
1p9aG00
1p9bA02
1p9eA00
1p9gA00
1p9hA00
1p9kA00
1p9lA02
1p9oA00
1p9rA01
1p9rA02
1p9yA00
1pa4A00
1paqA00
1pavA00
1pb6A02
1pb7A01
1pb7A02
1pbgA00
1pbuA00
1pbwB00
1pbyB00
1pbyC00
1pc3A02
1pcfA00
1pciA00
1pcxA04
1pd6A00
1pdaA01
1pdgA00
1pdkB00
1pdnC02
1pdoA00
1pe9A00
1peaA01
1peaA02
1pf5A00
1pfbA00
1pfiA00
1pfjA00
1pfkA02
1pfoA01
1pfoA02
1pfoA04
1pfsA00
1pftA00
1pfvA01
1pfzA02
1pfzB01
1pg2A01
1pg2A02
1pgjA02
1pgjA03
1pgl100
1pgsA01
1pgsA02
1pguB01
1pguB02
1pgw200
1pgxA00
1phtA00
1phzA00
1pi1A00
1pieA02
1piiA01
1piiA02
1pinA01
1pinA02
1piqA00
1piwA01
1piwA02
1pixA01
1pixA02
1pixA03
1pj3A02
1pjaA00
1pjcA01
1pjcA02
1pjqA01
1pjqA02
1pjqA03
1pjqB05
1pjrA01
1pjrA02
1pjrA04
1pjuA02
1pjxA00
1pjzA00
1pk3A00
1pk6A00
1pkhB00
1pklA03
1pklG01
1pkoA00
1pkyC03
1pl8A01
1pl8A02
1plqA00
1plsA00
1pm3A00
1pm4A00
1pm6A00
1pmhX00
1pmiA01
1pmiA02
1pmiA03
1pn0A01
1pn0A02
1pn0A03
1pn2C01
1pn2D02
1pn5A00
1pnkA02
1po5A00
1pocA00
1poiA01
1poiA02
1poiB00
1potA01
1potA02
1pov001
1pov100
1pp0B00
1pp8O00
1pp9A01
1pp9B01
1pp9E01
1pp9H00
1pp9J00
1pp9T00
1ppjD01
1pprM01
1pq1A00
1pq4A01
1pq4A02
1pq7A01
1pq7A02
1pqhB00
1pqwA00
1pqzA01
1prxB01
1ps1A00
1ps9A01
1ps9A02
1ps9A03
1psrA00
1pswA01
1pswA02
1pszA01
1pszA02
1pt6A00
1ptfA00
1ptqA00
1pu1A00
1pu6A01
1pucA00
1pueE00
1pufB00
1pugB00
1pugC00
1pujA01
1pujA02
1pv4A01
1pv4E02
1pveA00
1pvgA01
1pvtA00
1pw4A01
1pw4A02
1pwaA00
1pwbC00
1px5A01
1px5A02
1pxvA00
1pycA00
1pyfA00
1pyoC00
1pytA00
1pz4A00
1pz7A00
1pzlA00
1pzsA00
1q02A00
1q06A00
1q08A00
1q0pA00
1q0qA01
1q0rA00
1q0uB00
1q0xL02
1q15A01
1q15D02
1q16B01
1q16B03
1q1aA01
1q1aA02
1q1cA02
1q1fA00
1q1hA00
1q1oA00
1q1rA03
1q1uA00
1q25A01
1q25A02
1q25A03
1q27A00
1q2yA00
1q32A01
1q32A02
1q35A01
1q35A02
1q38A00
1q3dA02
1q3iA00
1q3lA00
1q3oA00
1q3qA01
1q3qA02
1q3xA03
1q40D00
1q42A00
1q44A00
1q48A00
1q4gA01
1q4gA02
1q4rA00
1q4uB00
1q59A00
1q5dA00
1q5kA01
1q5nA01
1q5nA03
1q5qA00
1q5qH00
1q5yD00
1q60A00
1q6hA02
1q6oB00
1q6wG00
1q6zA01
1q6zA02
1q6zA03
1q77A00
1q79A01
1q7fB00
1q7hA01
1q7hA02
1q7lA00
1q7zA01
1q8bA00
1q8cA00
1q8fA00
1q8gA00
1q8kA03
1q9rB02
1qa4A00
1qadA00
1qakA01
1qamA01
1qamA02
1qapA01
1qasA01
1qauA00
1qazA00
1qb2A00
1qb5D00
1qb7A00
1qbeB00
1qbjC00
1qbkB00
1qbzA00
1qc7A00
1qcsA01
1qcsA02
1qcxA00
1qczA00
1qd1A01
1qd1A02
1qd5A00
1qddA00
1qdlA00
1qdlB00
1qdpA00
1qe0A02
1qe3A00
1qf8A01
1qf8A02
1qf9A00
1qfgA01
1qfhA01
1qfhA02
1qfjA01
1qfjA02
1qfmA01
1qfoC00
1qftB00
1qfuA02
1qg3A01
1qg3A02
1qg8A00
1qgeD00
1qgiA01
1qgiA02
1qgkB00
1qgnG01
1qgoA01
1qgoA02
1qgrA00
1qgvA00
1qh4A01
1qh5A00
1qhdA01
1qhdA02
1qhhC00
1qhlA00
1qhqA00
1qhuA01
1qhvA00
1qhxA00
1qi9A00
1qj8A00
1qjpA00
1qjtA00
1qk9A00
1qkkA00
1qklA00
1qkrB00
1qksA01
1qksA02
1qlmA01
1qlmA02
1qlwA00
1qm9A01
1qm9A02
1qmgA02
1qmgB01
1qmhA01
1qmhA02
1qmyA00
1qnaA01
1qnaA02
1qnrA00
1qnxA00
1qo0D01
1qo0D02
1qo3C00
1qo6A01
1qo7A00
1qojA00
1qopA00
1qopB01
1qopB02
1qoyA00
1qp8A01
1qp8A02
1qpcA01
1qq5A01
1qq5A02
1qqeA00
1qqfA00
1qqgA01
1qqgA02
1qqhA00
1qqp100
1qqp200
1qqp300
1qqp400
1qqrB00
1qr4A01
1qreA00
1qrjB02
1qrvA00
1qs0A00
1qs1A01
1qs1A02
1qsaA01
1qsaA02
1qsaA03
1qsdA00
1qsmD00
1qssA01
1qstA00
1qtoA00
1qtqA01
1qtqA02
1qtqA03
1qtqA04
1qtqA05
1qtwA00
1qtxA02
1qu6A01
1qu6A02
1qu9A00
1qubA01
1qubA02
1qubA03
1qubA04
1qubA05
1qupA01
1quuA02
1qv0A00
1qvcD00
1qveA00
1qvrA05
1qvzA00
1qwdB00
1qwgA00
1qwjB00
1qwoA01
1qwrA02
1qwrB01
1qx2A00
1qxfA00
1qxnA00
1qxyA00
1qy9A02
1qyaB01
1qynD00
1qypA00
1qyrA01
1qyrA02
1qysA00
1qz1A03
1qz5A01
1qz5A04
1qz9A01
1qzfA01
1qzfA02
1qzgA00
1qzmA00
1qzrA02
1qzyA01
1r0dB00
1r0mA01
1r0mA02
1r0rI00
1r0vA02
1r12A01
1r12A02
1r17A02
1r17B01
1r1hA01
1r1hA02
1r1mA00
1r1pB00
1r1tA00
1r1uB00
1r21A00
1r26A00
1r29A00
1r2jA01
1r2jA02
1r2jA03
1r2qA00
1r30A00
1r31A01
1r31A02
1r3sA00
1r44A00
1r45A00
1r46A02
1r4pA01
1r4pA02
1r4xA01
1r4xA02
1r55A00
1r57A00
1r5bA02
1r5bA03
1r5tB00
1r5yA00
1r62A00
1r69A00
1r6bX03
1r6bX04
1r6bX05
1r6dA01
1r6jA00
1r6tA01
1r6tB02
1r6uB02
1r6wA01
1r6wA02
1r6xA01
1r6xA02
1r6zA03
1r76A00
1r7jA00
1r7rA06
1r85A00
1r8dB00
1r8eA01
1r8eA02
1r8eA03
1r8hA00
1r8jB01
1r8nA00
1r8sE01
1r9hA00
1r9lA01
1r9lA02
1r9wA00
1ra0A01
1ra0A02
1ra6A02
1ra6A03
1ra9A00
1rajA01
1rc6A00
1rcuA00
1rcwB00
1rd5A00
1rdqE01
1rdqE02
1rdrA01
1rduA00
1regX00
1repC01
1repC02
1reqA01
1reqA02
1reqB01
1reqB02
1rewA00
1rffB02
1rfhA01
1rfsA00
1rg8A00
1rh5A00
1rh5B00
1rh6A00
1rhcA00
1rhfA01
1rhfA02
1rhsA01
1rhsA02
1rhxA00
1rhyA01
1ri5A00
1ri6A00
1ri9A00
1ridA01
1ridA03
1ripA00
1riwB00
1rj8A00
1rjhA00
1rjjA00
1rjtA00
1rk4A01
1rk6A01
1rk6A02
1rk6A03
1rk8A00
1rkdA00
1rkqA01
1rkqA02
1rktA02
1rkuA01
1rkuA02
1rl0A01
1rl0A02
1rl1A00
1rl2A01
1rl2B02
1rl4B00
1rl6A01
1rl6A02
1rliD00
1rljA00
1rlmA01
1rlmA02
1rlwA00
1rmdA01
1rmdA02
1rmgA00
1ro3A00
1ro7C00
1roaA00
1rocA00
1rozA00
1rpyB00
1rq2B02
1rq6A00
1rquA01
1rr8C04
1rrkA02
1rrmA01
1rrmA02
1rrpB00
1rrqA01
1rrqA03
1rrzA00
1rsgA01
1rsgA02
1rsgB01
1rssA00
1rsyA00
1rt8A01
1rt8A02
1rt8A03
1rt8A04
1rtm100
1rtqA00
1rttA00
1rtuA00
1rtwB00
1ru0B00
1ru4A00
1ru8A01
1rv9A00
1rvkA01
1rw1A00
1rw2A00
1rwhA01
1rwhA02
1rwhA03
1rwiA00
1rwjA00
1rwrA00
1rwsA00
1rwxA00
1rwzA00
1rx0A03
1rx0C01
1rxdB00
1ry6A00
1ryaA00
1rybA00
1ryiA01
1ryiA02
1ryjA00
1rykA00
1ryoA01
1ryoA02
1ryp100
1ryp200
1rypA00
1rypB00
1rypC00
1rypD00
1rypF00
1rypG00
1rypH00
1rypI00
1rypJ00
1rypK00
1rypL00
1rz1A00
1rz3A00
1rz4A01
1rz4A02
1rzhH01
1rzhH02
1rzhL01
1rzhM01
1rzhM02
1rzsA00
1rzxA00
1s05A00
1s0aA01
1s0aA02
1s0iA02
1s14B00
1s16A01
1s16A02
1s1fA00
1s1qA00
1s1tA02
1s22A02
1s26D01
1s28A00
1s2dA00
1s2oA01
1s2oA02
1s2wA00
1s3sH00
1s3zA00
1s4cC00
1s4kA00
1s4nB00
1s55A00
1s57B00
1s58A00
1s5aA00
1s5dA00
1s5uE00
1s67L00
1s69A00
1s6cA00
1s6iA02
1s6yA02
1s70B01
1s70B02
1s78A04
1s7eA01
1s7eA02
1s7jA01
1s7jA02
1s8nA01
1s8nA02
1s96A01
1s9cD01
1s9iA02
1s9jA01
1s9jA02
1s9rA01
1sacA00
1sauA01
1sauA02
1sb0A00
1sb2A00
1sb6A00
1sbpA01
1sbpA02
1sbqA00
1sbxA00
1sbyA00
1sbzB00
1sc6A01
1sc6A03
1sczA00
1sddA02
1sddB01
1sddB02
1sdoA00
1sdwA02
1se0A00
1se7A00
1se8A01
1se8A02
1se9A00
1sefA01
1sefA02
1seiA01
1seiA02
1sekA02
1senA00
1seqH02
1serA01
1sesA01
1sezA01
1sezA02
1sezA03
1sfcH00
1sfeA01
1sffA01
1sffA02
1sflB00
1sfnA00
1sfpA00
1sfuA00
1sfxB00
1sg0A00
1sg1X01
1sg1X02
1sg6A01
1sg6A02
1sgjA00
1sgwA00
1sh1A00
1sh8B00
1shsA00
1shxA00
1shyB02
1si5H01
1sigA00
1siqA01
1siqA02
1siqA03
1sixA00
1sj1A00
1sj7B00
1sjnC00
1sjrA00
1sjyA00
1sknP00
1skvA00
1skzA01
1sl6A00
1slmA00
1sluA00
1sm7A00
1smlA00
1smoB00
1smxA00
1snlA00
1snnA00
1snzB00
1so9A00
1sotA01
1sotB03
1spkA00
1spvA00
1spxA00
1sq4A01
1sq4A02
1sq5C00
1sq9A00
1sqgA01
1sqgA02
1sqgA03
1sqgA04
1sqhA01
1sqhA02
1sqiA01
1sqjB01
1sqjB02
1sqsA00
1sr2A00
1sr4A00
1sr4C00
1sraA00
1sroA00
1srrC00
1srvA00
1srzA00
1ss3A00
1ss4A00
1sseB00
1sshA00
1ssqA01
1stfI00
1stmA00
1stuA00
1stzA01
1stzA02
1stzA03
1su1A00
1su3A02
1su8A01
1su8A02
1su8A03
1sulB00
1sumB01
1sumB02
1surA00
1sv0D00
1sv6A00
1sva400
1svbA01
1svbA02
1svbA03
1svbA04
1svdM00
1svfC00
1svjA00
1svmA01
1svmA03
1svpA01
1svpA02
1svvA01
1svvB02
1sw5A01
1sw5A02
1sw6A00
1swgD00
1swvA01
1swvA02
1swyA00
1sx3A01
1sx5B00
1sxdA00
1sxjB03
1sxjD02
1sxjD03
1sxjE01
1sxjE02
1sxjE03
1sxlA00
1sy6A01
1syxB00
1sz2A02
1sz2B01
1sz7A00
1sz9A00
1szbA02
1sznA02
1t0bA00
1t0fA01
1t0fA02
1t0hA00
1t0iA00
1t0jB00
1t0pB00
1t0tV01
1t0tV02
1t0yA00
1t11A02
1t11A03
1t15A01
1t15A02
1t17A00
1t1dA00
1t1gA00
1t1hA00
1t1jA00
1t1vA00
1t23A00
1t2aA02
1t2dA01
1t2dA02
1t2jA00
1t2wA00
1t33B01
1t36A04
1t3cA00
1t3dA02
1t3iA01
1t3iB02
1t3kA00
1t3wA00
1t46A01
1t4aA00
1t4bA01
1t4bA02
1t4gA01
1t4oA00
1t4wA00
1t50A00
1t56A02
1t5hX01
1t5hX02
1t5hX03
1t5hX04
1t5oA02
1t5rB00
1t60D00
1t62B00
1t6cA01
1t6cA02
1t6eX01
1t6eX02
1t6gC00
1t6lA00
1t6sB01
1t6sB02
1t6uD00
1t71A00
1t72D01
1t72D02
1t77A01
1t77A02
1t7dA02
1t7lA02
1t7pA02
1t7sA00
1t7vA01
1t7vA02
1t82A00
1t8kA00
1t8sA01
1t8tA00
1t90A02
1t9bA02
1t9bA03
1t9bB01
1t9fA00
1t9hA01
1t9hA02
1t9hA03
1t9iA00
1ta3A00
1ta8A01
1ta8A02
1ta8A03
1tafA00
1tafB00
1taqA01
1tazA00
1tbaA00
1tbfA00
1tbgF00
1tbnA00
1tbxB00
1tc1B00
1tc3C00
1tc5C00
1tcaA00
1td4A00
1td6A01
1td6A02
1td6A03
1tdjA01
1tdjA03
1tdpA00
1tdqA02
1te2A01
1te2A02
1te5A00
1tedA02
1tedB01
1tejB00
1texA00
1tezA01
1tf3A01
1tf6A03
1tf6D04
1tf7A01
1tfeA01
1tfeA02
1tfiA00
1tfrA01
1tfrA02
1tfsA00
1tfzA01
1tfzA02
1tg7A01
1tg7A02
1tg7A03
1tg7A04
1tg7A05
1tgqA00
1tgrA00
1tgsI00
1tgxA00
1th8A00
1th8B00
1thfD00
1thqA00
1thtA00
1thxA00
1thzA03
1ti6B01
1ti6B02
1ti6B03
1ti8A02
1tibA00
1tifA00
1tigA00
1tiiC00
1tiqB00
1tizA00
1tj7A02
1tj7A03
1tjcA00
1tjnA00
1tjoB00
1tjxA00
1tk5A04
1tk7A02
1tkeA01
1tkeA02
1tkeA03
1tkiA01
1tkiA02
1tkjA00
1tkkA01
1tkkA02
1tkvA00
1tl2A00
1tm0A01
1tm0A02
1tme100
1tme400
1tn3A00
1tnrA00
1tnsA00
1to2I00
1to3A00
1toaA01
1toaA02
1tolA01
1tolA02
1topA02
1tovA00
1tp6A00
1tplA01
1tpmA00
1tq1A00
1tq8A00
1tqgA00
1tqhA00
1tqjC00
1tqnA00
1tqxA00
1tqyA01
1tqyA02
1tqyB01
1tqyB02
1trbA01
1trlA00
1ts9A00
1tsjA00
1tt5B02
1tt5B03
1tt8A00
1tteA02
1ttwA00
1ttzA00
1tu5A01
1tu5A03
1tu5B02
1tu7A01
1tu9A00
1tuaA01
1tuaA02
1tucA00
1tueD00
1tuhA00
1tukA00
1tulA00
1tuvA00
1tuwA00
1tuzA00
1tv6A03
1tvdA00
1tvfA01
1tvfA02
1tvgA00
1tviA00
1tvkA02
1tvkA03
1tvkB03
1tvnA00
1tvoA01
1tvsA00
1tvxA00
1twdB00
1twfC01
1twfC02
1twfF00
1twfI01
1twfI02
1twfJ00
1twfK00
1twfL00
1twyA01
1twyD02
1tx2B00
1tx4A00
1tx9A00
1txdA02
1txgA01
1txgA02
1txjA00
1txlA00
1ty0A02
1ty0C01
1ty9A00
1tygB00
1tyjA00
1tyyB00
1tz0C00
1tz1A00
1tz9A00
1tzbA01
1tzbA02
1tzfA00
1tzkC01
1tzpB00
1tzvA00
1tzyC00
1tzyE00
1tzyF00
1tzzA02
1tzzB01
1u00A02
1u02A01
1u02A02
1u0kA02
1u0mA01
1u0mA02
1u0sA00
1u14A00
1u1iA01
1u1iA02
1u1sA00
1u2cA01
1u2cA02
1u2hA00
1u2kA01
1u2mA00
1u2xA01
1u2xA02
1u3hA00
1u4gA01
1u4gA02
1u55B00
1u57A00
1u58A02
1u5hA00
1u5lA00
1u5pA01
1u5uA00
1u6eA01
1u6eA02
1u6gC00
1u7bA00
1u7eB01
1u7lA01
1u7lA02
1u7lA03
1u7vB00
1u7zC00
1u84A00
1u89A00
1u8cB04
1u8cB05
1u8sA01
1u8sA02
1u8vA01
1u8vA02
1u8vB03
1u8xX02
1u94A02
1u9cA00
1u9dA00
1u9iA02
1u9lB00
1ua4A02
1ua7A01
1ua7A02
1uaaA02
1uaaB04
1uacH00
1uadC00
1uaiA00
1ualA01
1ualA02
1uapA00
1uarA01
1uarA02
1uasA01
1ub0A00
1ub1A00
1ub3A00
1ub4B00
1ub4C00
1ub9A00
1ubdC01
1ubdC02
1ubdC04
1ucdA00
1ucpA00
1ucrB00
1ucsA00
1uctA01
1uddB00
1udkA00
1udlA00
1udxA01
1udxA02
1uebA01
1uebA02
1uebA03
1uehA00
1uekA01
1uemA00
1uenA00
1uewA00
1uezA00
1uf3A00
1uf5A00
1uf9A00
1ufaA02
1uffA00
1ufgA00
1ufhA00
1ufmA00
1ufnA00
1ufoA00
1ufwA00
1ufxA00
1ufyA00
1ug1A00
1ug6A00
1ug7A00
1ug8A00
1ugiD00
1uglA00
1ugnA01
1ugpB01
1ugpB02
1ugxA00
1uh6A00
1uheA00
1uhfA00
1uhgA02
1uhmA00
1uhrA00
1uhtA00
1uhvA02
1ui0A00
1uirA01
1uirA02
1uixA00
1uiyA01
1uj2A00
1uj6A01
1uj8A00
1ujcA00
1ujkB00
1ujnA01
1ujnA02
1ujpA00
1ujsA00
1ujtA00
1ujwB00
1uk5A00
1ukcB00
1ukjA01
1ukjA02
1ukkA00
1uklC00
1ukvY00
1ukxA00
1ul4A01
1ul7A00
1ulvA03
1ulvA04
1ulyA01
1ulyA02
1ulzA01
1ulzA03
1um1A00
1um8A01
1um8A02
1um9A00
1umhA00
1umkA01
1umkA02
1umqA00
1umuB00
1umwA01
1umwA02
1umzB00
1un2A00
1un6D02
1unlA02
1unlD00
1unnC00
1unqA00
1uocB00
1uohA00
1uokA03
1uouA03
1up8A00
1up9A00
1upqA00
1upsA02
1upsB01
1uptF00
1uqtA01
1uqtA02
1ur3M00
1ur4A00
1ur5C01
1urfA00
1urhA02
1urqC00
1urrA00
1ursA02
1ursB01
1urvA00
1us0A00
1us5A01
1us5A02
1uscA00
1usgA01
1usgA02
1usmA00
1usyA00
1ut9A01
1ut9A02
1utaA00
1utcA00
1uteA00
1utgA00
1uthA02
1uthB01
1utxA00
1uu1A02
1uu1B01
1uu2B01
1uu3A02
1uuqA00
1uurA01
1uurA02
1uurA03
1uurA04
1uuyA00
1uuzB00
1uv4A00
1uv7A00
1uvqA01
1uvqA02
1uw4A00
1uw4B00
1uwcA00
1uwfA00
1uwsA00
1uwwA00
1uwyA02
1ux6A01
1ux6A02
1uxdA00
1uxoA00
1uxtA01
1uxyA01
1uxyA02
1uxyA03
1uxzA00
1uylA00
1uyrB03
1uytC01
1uyvB02
1uz5A01
1uz5A03
1uz5A04
1uzbA01
1uzbA02
1uzcA00
1uzkA01
1uzmB00
1uzvA00
1v04A00
1v05A00
1v0eA01
1v0eA04
1v0eD02
1v0eD03
1v0uA01
1v0wA02
1v10A03
1v1aA00
1v1oA01
1v1qA00
1v2aA02
1v2bB00
1v2xA00
1v2yA00
1v2zA00
1v30A00
1v32A00
1v33A01
1v33A02
1v37A00
1v38A00
1v39A00
1v3fA00
1v3uB02
1v3vA01
1v3wA00
1v3yA00
1v4eA00
1v54A00
1v54B01
1v54B02
1v54C01
1v54C02
1v54D00
1v54E00
1v54F00
1v54G00
1v54H00
1v54I00
1v54J00
1v54K00
1v54L00
1v54M00
1v5eA02
1v5eA03
1v5iB00
1v5oA00
1v5rA00
1v5tA00
1v63A00
1v66A00
1v6bA00
1v6pA00
1v6sA01
1v6sA02
1v6zA01
1v6zA02
1v71A02
1v76B00
1v77A00
1v7cA01
1v7cA02
1v7mV00
1v7rA00
1v7zA00
1v84A00
1v86A00
1v88A00
1v89A00
1v8cA01
1v8cA02
1v8dC00
1v8pF00
1v8wA00
1v92A00
1v93A00
1v96A00
1v9cB00
1v9sD00
1v9tA00
1v9vA01
1v9xA00
1va0B02
1vaeA00
1vajA01
1vajA02
1vb3A03
1vb5A01
1vbfA00
1vbwA00
1vc1A00
1vc3B00
1vc4A00
1vcaA01
1vcaA02
1vccA00
1vclA01
1vclA02
1vclA03
1vcnA01
1vcnA02
1vcvA00
1vd4A00
1vdkA01
1vdkA02
1vdkB03
1vdrA00
1vdwA01
1vdwA02
1ve1A01
1ve1A02
1ve2A01
1ve4A02
1vecA00
1vefA02
1vemA01
1vemA02
1vetA00
1vetB00
1vf1A01
1vf5C03
1vf6C00
1vf8A01
1vf8A02
1vffA00
1vflA00
1vfrA00
1vfsB01
1vfyA00
1vg0A01
1vg0A02
1vg0A03
1vgmA01
1vgmA02
1vgyA01
1vgyA02
1vh0A00
1vh5A00
1vhcF00
1vheA01
1vhhA00
1vhkA01
1vhkA02
1vhkB00
1vhnA01
1vhnA02
1vhoA01
1vhoA02
1vhqA00
1vhrA00
1vhsA00
1vhtA00
1vhuA00
1vhvA01
1vhwA00
1vhxB00
1vhyA01
1vhyA02
1vi0A02
1vi2A01
1vi2A02
1vi7A01
1vi7A02
1vi9A00
1vibA00
1vicA00
1vigA00
1vimA00
1viuC00
1vixA02
1vj0A02
1vj0B01
1vj2A00
1vjfA00
1vjhA00
1vjjA02
1vjjA03
1vjjA04
1vjkA00
1vjqA00
1vjsA03
1vjuB00
1vjxA00
1vjyA01
1vjyA02
1vjzA00
1vk0A00
1vk1A01
1vk1A02
1vk4A00
1vk8A00
1vk9A00
1vkbA00
1vkeB00
1vkeE00
1vkfA00
1vkpB00
1vkwA01
1vkwA02
1vkzA01
1vkzA02
1vkzA03
1vl0B01
1vl1A00
1vl2A01
1vl2A03
1vl2B03
1vl2D02
1vl5C00
1vl6B02
1vl7A00
1vlaA01
1vlaA02
1vlbA01
1vlbA02
1vlbA03
1vlbA04
1vlbA05
1vlbA06
1vlbA07
1vlgA00
1vliA01
1vliA02
1vlmA00
1vlsA00
1vm0A00
1vm6A02
1vm6B01
1vm9A00
1vmaA01
1vmaA02
1vmbA00
1vmeA02
1vmeB01
1vmhA00
1vmjA00
1vmoA00
1vp2A00
1vp6A00
1vp8A00
1vpcA00
1vpdA01
1vpdA02
1vphB00
1vpkA01
1vpkA02
1vpkA03
1vplA00
1vpqA00
1vpsB00
1vpuA00
1vpyA00
1vq2A00
1vq8100
1vq8200
1vq8300
1vq8A01
1vq8A03
1vq8B01
1vq8B02
1vq8B03
1vq8C00
1vq8D00
1vq8E01
1vq8E02
1vq8H00
1vq8K00
1vq8L01
1vq8L02
1vq8M00
1vq8N00
1vq8O00
1vq8P01
1vq8P02
1vq8P03
1vq8Q00
1vq8R00
1vq8S00
1vq8T00
1vq8U00
1vq8V00
1vq8W01
1vq8W02
1vq8X00
1vq8Z00
1vqqA02
1vqqA03
1vqqB01
1vqqB04
1vqrC00
1vqsA00
1vqzA01
1vqzA02
1vr3A00
1vr4C00
1vr6A01
1vr6A02
1vr7A00
1vrdB00
1vrvA00
1vsgA01
1vsgA02
1vsrA00
1vybA00
1vyrA00
1vytA01
1vytB02
1vyxA00
1vzyA01
1vzyA02
1w07A04
1w0hA00
1w0mA00
1w0nA00
1w0pA01
1w0pA02
1w0pA03
1w0tA00
1w0uA00
1w1hD00
1w1wE00
1w23A01
1w23A02
1w25B02
1w25B03
1w27A03
1w2wB00
1w32A00
1w33B00
1w36B01
1w36B02
1w36B03
1w36B04
1w36B05
1w3dA00
1w3fA01
1w3fA02
1w3iA00
1w4mA00
1w4vA00
1w53A00
1w55A01
1w5qB00
1w6gA01
1w6gA02
1w6gA03
1w6nB00
1w6sA00
1w6sB00
1w70A00
1w78A01
1w78A02
1w7xL00
1w85I00
1w8aA00
1w8gA00
1w8oA01
1w8oA02
1w8oA03
1w8sE00
1w94A00
1w96A03
1w98B01
1w9cA00
1w9eA01
1w9pA01
1w9pA02
1wa3D00
1wa5B00
1wa9A01
1wa9A02
1wa9B03
1waaC00
1wakA01
1wakA02
1wb1A04
1wb1B02
1wb1B03
1wb1C01
1wbaA00
1wbhB00
1wbsA01
1wcgA00
1wcnA01
1wcuA00
1wcwA01
1wcwA02
1wd3A01
1wd3A02
1wdcA00
1wdcB01
1wdcB02
1wdcC01
1wddA01
1wddA02
1wdeA02
1wdjA00
1wdnA01
1wdpA00
1wduB00
1wdyA00
1we3O00
1weeA00
1wenA00
1weoA00
1weqA00
1werA01
1werA02
1wevA01
1wf3A01
1wfdA00
1wfeA00
1wffA00
1wfiA00
1wg6A01
1wgsA00
1wgtA04
1wh3A01
1wh5A00
1whiA00
1whoA00
1whtA00
1whuA00
1whvA00
1whzA00
1wibA00
1widA00
1wijA00
1witA00
1wivA00
1wj2A00
1wj9A01
1wj9A02
1wjhA00
1wjrA00
1wjtA00
1wjxA00
1wjzA00
1wk2A00
1wkaA00
1wkbA01
1wkbA02
1wkbA03
1wkcA00
1wkoA00
1wkqB00
1wkrA01
1wkrA02
1wktA00
1wkuA01
1wleA02
1wlfA01
1wlfA02
1wluA00
1wlyA01
1wlyA02
1wm1A00
1wm3A00
1wmaA00
1wmdA01
1wmdA02
1wmgA00
1wmhA00
1wmhB00
1wmkA03
1wmsA00
1wmtA00
1wmxA00
1wmzA00
1wn9A00
1wndA02
1wnyA00
1wo8A00
1wocC00
1wohA00
1wolA00
1woqA01
1woqA02
1wouA00
1wp9B03
1wpbM01
1wpbO02
1wpgA03
1wpgA04
1wpgB01
1wpgB02
1wpnA00
1wpuA00
1wq4A01
1wqaA01
1wqgA01
1wqgA02
1wqjI00
1wqkA00
1wqlA01
1wr6A00
1wr8A02
1wr8B01
1wriA00
1wrjA02
1wrkA00
1wrmA01
1ws8A00
1wt6B00
1wteA02
1wteB01
1wu2A01
1wu3I00
1wuiL00
1wuiS01
1wuiS02
1wurA01
1wurA02
1wveC00
1wvfA01
1wvfA02
1wvfA03
1wvfA04
1wvkA00
1wvoA00
1wvqC00
1ww1A00
1wwcA00
1wwjA00
1wwlA00
1wwwV00
1wwyA00
1wx1A01
1wx6A01
1wx9A00
1wxmA01
1wxsA00
1wy0A00
1wy1B00
1wy2A01
1wymA01
1wyrA00
1wywB00
1wyxA00
1wz9A01
1wzaA01
1wzaA02
1wzdA00
1wzlA01
1wzlA04
1wzvA00
1x0cA01
1x14A01
1x1iA01
1x1iA03
1x1nA01
1x1oA02
1x1oB01
1x1tA00
1x38A01
1x38A02
1x3eA00
1x3lA01
1x3lA02
1x3sA00
1x3xA00
1x54A01
1x54A02
1x5nA00
1x5oA01
1x5rA01
1x5uA01
1x5wA01
1x6aA01
1x6bA01
1x6iA00
1x6mA00
1x6oA01
1x6oA02
1x6zA00
1x75A00
1x7dA01
1x7dA02
1x7oA01
1x7oA02
1x7vC00
1x82A00
1x8bA01
1x8bA02
1x8pA00
1x90A00
1x9bA00
1x9dA00
1x9mA01
1x9mA03
1x9nA01
1x9nA02
1x9nA03
1x9nA04
1x9pA01
1x9pA02
1x9qA01
1x9xA00
1x9yA01
1xakA00
1xauA00
1xb4B01
1xb4C02
1xbbA01
1xbbA02
1xbiA00
1xbsA00
1xd3C00
1xdiA01
1xdiA02
1xdiA03
1xdnA01
1xdnA02
1xdwA02
1xdyG00
1xdzA00
1xe0C00
1xe1A00
1xe7A00
1xeaA01
1xeaA02
1xebA00
1xeoA00
1xerA00
1xf5M00
1xfcB02
1xfdA01
1xfdA02
1xfeA01
1xffA00
1xfjA00
1xfkA00
1xg0B00
1xg0C00
1xg4D00
1xg5B00
1xg7A02
1xg7B01
1xg8A00
1xgkA01
1xgkA02
1xgsA01
1xgsA02
1xhcA01
1xhcA03
1xi3A00
1xi9A02
1xi9B01
1xioA00
1xipA00
1xiwA00
1xiwB00
1xizA00
1xjcA00
1xjhA00
1xjuA00
1xjvA01
1xjvA02
1xk4D00
1xk4E00
1xk7A01
1xk7A02
1xkbA01
1xkiA00
1xknA00
1xkrA00
1xksA00
1xkuA00
1xkyA00
1xkzC00
1xl4A01
1xl4A02
1xlqA00
1xlyA00
1xm3B00
1xmbA01
1xmbA02
1xmeA00
1xmeB01
1xmtA00
1xmvA01
1xmzA00
1xn6A00
1xn8A00
1xn9A00
1xnaA00
1xneA00
1xnfA00
1xo0A01
1xo0A02
1xo1A01
1xo1A02
1xo5B00
1xo7A00
1xp4A01
1xp4C02
1xp8A02
1xphA00
1xq1A00
1xq6A00
1xq8A00
1xqoA01
1xqoA02
1xr0B01
1xr4A01
1xrbA02
1xriA00
1xrsA00
1xrsB01
1xrsB02
1xruA01
1xruA02
1xs0C00
1xs1A00
1xs5A01
1xsfA00
1xsvA00
1xszA01
1xszA02
1xteA00
1xtiA02
1xtoA00
1xtqA00
1xttB00
1xtyC00
1xtzA01
1xtzA02
1xu1A00
1xu6A00
1xu9C00
1xubA01
1xubA02
1xv2D02
1xvaA02
1xviA02
1xvqA00
1xvsA00
1xvxA01
1xvxA02
1xwdB00
1xwiA01
1xwsA01
1xwsA02
1xwvA00
1xwwA00
1xx1A00
1xx7A00
1xxaC00
1xxgA02
1xxlA00
1xyiA00
1xyzA00
1xzpA01
1xzpA02
1xzpA03
1xzzA00
1y0gA00
1y0kA00
1y0mA00
1y0nA00
1y0pA01
1y0pA02
1y0pA03
1y0yA01
1y0yA02
1y12A00
1y13A00
1y14D01
1y14D02
1y1vS01
1y23D01
1y2kA00
1y2mC02
1y2mD01
1y2oA00
1y3nA02
1y42X01
1y42X02
1y44A00
1y4mA00
1y4wA02
1y55X00
1y5iC01
1y60A00
1y62A00
1y63A00
1y6dA00
1y6hA00
1y6kR01
1y6kR02
1y7jA00
1y7pB02
1y7tA01
1y7tA02
1y88A01
1y88A02
1y8eB04
1y8qB01
1y8qC00
1y8qD02
1y8qD03
1y8rC00
1y8tB02
1y93A00
1y9bA00
1y9qA01
1y9qA02
1y9zA02
1y9zB01
1ya5T01
1yacA00
1yarA00
1yarH00
1yb3A00
1yb5A01
1ybaA02
1ybeB01
1ybhA02
1ybhA03
1ybiA01
1ybiA02
1ybzA00
1yc5A01
1yccA00
1yceA01
1ycsB01
1ycsB02
1yd7A00
1ydeN00
1ydgA00
1ydiA02
1ydlA00
1ydmA00
1yduA01
1ydwA01
1ydyA00
1yelA00
1yewA01
1yewA02
1yewA03
1yewB00
1yewC00
1yexC00
1yeyB02
1yeyD01
1yf3A01
1yf3A02
1yg2A01
1yg6A00
1ygeA05
1ygyB03
1yi8A02
1yi9A01
1yioA02
1yirA00
1yisA02
1yizA02
1yjrA00
1ykdB01
1ykdB02
1ykwA01
1ykwA02
1yl5A01
1ylhA01
1ylhA02
1yloA01
1yloA02
1ym0A02
1ym5A01
1ympA00
1ymtA00
1yn8A00
1ynbA00
1ynfA00
1yo5C00
1yo7A00
1yovC01
1yozA00
1ypfA00
1yphC00
1yphE00
1ypqB00
1ypxA00
1ypzF01
1yqbA01
1yqdA01
1yqdA02
1yqsA00
1yqyA01
1yr5A00
1yrkA00
1yrrA01
1yrrA02
1ys1X00
1yspA00
1ysqA00
1ytqA01
1yu5X00
1yuaA01
1yuaA02
1yuiA00
1yumA00
1yuzA02
1yv4A00
1yvvA01
1yvvA02
1ywuA00
1yxmC00
1yyaA00
1yydA01
1yyhB00
1yyqB00
1yzvA00
1z0jA00
1z0sA01
1z0sA02
1z0xA01
1z19A01
1z1bA01
1z1vA00
1z2aA00
1z2lA02
1z2lB01
1z2uA00
1z3eB00
1z57A01
1z5bB03
1z60A00
1z6bE00
1z6fA01
1z6fA02
1z70X00
1z7cA00
1z7kB00
1z8gA01
1z8hA00
1z9fA00
1z9iA01
1za7A00
1zakA00
1zb9A01
1zbdB00
1zcbA02
1zcdA00
1zd1B00
1zd3A03
1zd8A00
1zdnA00
1ze3C01
1zedA00
1zemA00
1zfjA00
1zgkA00
1zgzA00
1zi8A00
1zinA00
1zjaA01
1zjaA02
1zjaA03
1zjjA02
1zjjB01
1zjmA01
1zk4A00
1zk5A00
1zkcB01
1zkgA01
1zkoA00
1zlmA00
1zmeD01
1zmrA02
1zmtA00
1znbB00
1zncA00
1zndA00
1znwA01
1zodA01
1zodA02
1zoiA00
1zoqA00
1zosA00
1zp3B00
1zp6A00
1zpdA01
1zpdA02
1zpdA03
1zq6A01
1zq6A02
1zrrA00
1zs8A01
1zswA01
1zswA02
1ztpA01
1zud400
1zunB01
1zuwB01
1zvzA01
1zwvA00
1zx0D00
1zx6A00
1zxqA02
1zxxA01
1zxxA02
1zy8K00
1zymA01
1zymA02
1zzaA00
1zzkA00
1zzmA00
1zzpA00
1zzwA00
256bA00
2a06A02
2a06B02
2a0bA00
2a19A02
2a19B02
2a19C01
2a1kA00
2a1uA01
2a25A02
2a2aA02
2a2aB01
2a2kA00
2a2nC00
2a2rA01
2a2rA02
2a33A00
2a38B01
2a3dA00
2a40B00
2a4dA00
2a4kB01
2a4xA00
2a66A00
2a6hA01
2a6hA02
2a6hC01
2a6hC02
2a6hC03
2a6hC04
2a6hC05
2a6hC06
2a6hE00
2a6hF02
2a7bA00
2a7vA02
2a8xA03
2a8yA00
2a9dA01
2a9dA02
2ab0A00
2ab5A02
2ab5B01
2ablA01
2abqA00
2absA01
2absA02
2abwA00
2ac3A01
2ac3A02
2ad6B00
2adrA01
2ae8A02
2aebB00
2aepL01
2afbB00
2ag4A00
2ag5C00
2ahfA00
2ahxA01
2ahxA02
2ahxA03
2aibA00
2aifA00
2aiqA02
2airB01
2airB02
2aj2A01
2aj7A00
2ak4D01
2ak5B00
2akaB00
2aklA01
2aklA02
2akzA01
2akzB02
2anyA02
2apcA01
2aprA01
2aprA02
2aqmA00
2arcA00
2arrA01
2arrA02
2arzA01
2askA00
2asuB01
2asuB02
2au7A00
2av4A00
2avaA00
2aw2B02
2awhB00
2awkA00
2awnB02
2ax3A01
2ax6A00
2axiA00
2axpA00
2axyA00
2ayhA00
2ayzA00
2b1pA01
2b49A00
2b4aA00
2b5tI01
2b5tI02
2b5uA03
2b6dA01
2b6oA00
2b7kA00
2b82A00
2b8pA00
2b94A01
2b97A00
2b9hA01
2b9hA02
2b9vA01
2b9vA02
2basA02
2basA03
2basB01
2bayE00
2bbaA00
2bbhA01
2bbkH00
2bbkL00
2bbsB00
2bbvA00
2bbvD00
2bc4A02
2bc4B01
2bc4C01
2bc4D02
2bceA00
2bcmA00
2bcqA01
2bcqA02
2bcqA03
2bcqA04
2bdrA00
2bdtA00
2bemA00
2bepA00
2beqD00
2bexA00
2bf1A00
2bfdA00
2bfdB01
2bfdB02
2bg5A00
2bg9A02
2bg9B01
2bgcB01
2bgcH02
2bghA01
2bghA02
2bgsA00
2bh4X00
2bh9A01
2bh9A02
2bhgA01
2bhtC01
2bhwA01
2bivA01
2bj0A00
2bjiA01
2bjiB02
2bjuA02
2bjwA01
2bjwA02
2bk8A00
2bkgA00
2bkkA01
2bkkC02
2bkmA00
2bkxA00
2bkyA00
2bkyX00
2bl0B01
2bl9A00
2bm0A02
2bm0A03
2bmbA02
2bmlA00
2bmoA01
2bmoA02
2bmoB00
2bmwA01
2bmwA02
2bmxA00
2bmzA00
2bneB00
2bnuB02
2bo1A00
2bogX00
2bopA00
2bpa100
2bq4A00
2brqA00
2bs2A01
2bs2A02
2bs2B01
2bs2B02
2bs2C00
2bs9A01
2bt6B00
2btoA01
2bujA02
2bukA00
2bumA00
2bumB00
2bvcA01
2bvcA02
2bvrH01
2bvrH02
2bw0A01
2bw0A02
2bw4A01
2bw4A02
2bw8A00
2bwfA00
2bwqA00
2bxhA06
2bz6H02
2bz6L00
2c0dA00
2c0gA01
2c0gA02
2c0wA00
2c0zA01
2c10A01
2c36A00
2c3nA01
2c3nA02
2c42A01
2c42A02
2c42A03
2c42A04
2c42A05
2c42A06
2c42A07
2c45A00
2c46B00
2c4fT00
2c4jA01
2c4jA02
2c4wA00
2c5dC01
2c60A01
2c6yB00
2c78A01
2c78A02
2c78A03
2c7pA01
2c7pA02
2c7wA00
2c82A01
2c8sA00
2c92A00
2c95A00
2ca6A00
2calA00
2cbzA00
2cchB02
2cchD01
2ccwA00
2ccyA00
2ce0A00
2ce2X00
2cf4A01
2cf7A00
2cg7A01
2cg7A02
2chdA00
2chgA01
2chgA02
2chrA02
2cibA00
2cioA00
2ciwA00
2cjlA02
2cjzA00
2ck3A01
2ck3A02
2ck3A03
2ck3D01
2ck3D02
2ck3F03
2cksB00
2clqA01
2clqA02
2cm2A00
2cm5A00
2cmuA00
2cnqA01
2cnqA02
2cnrA00
2co7B02
2coaA01
2cpgB00
2cqmA01
2cqvA00
2crhA01
2crpA01
2csqA01
2cuaB00
2cumA00
2cvcA01
2cvcA02
2cvcA03
2cvcA04
2cvdA01
2cvdA02
2cvzA01
2cvzA02
2cwdC00
2cwpA00
2cxnA01
2cxnA02
2cxnA03
2cxyA00
2cy3A00
2cyaA01
2cyaA02
2cygA00
2cyjA00
2cz2A01
2cz2A02
2cz9A01
2cz9A02
2d0nA00
2d13A02
2d1cA01
2d29A01
2d29A03
2d3iA03
2d48A00
2d59A00
2d5bA01
2d5bA03
2d5dA00
2d5fA01
2d69A02
2d69B01
2d88A01
2d89A01
2d92A00
2dbbB01
2dbjA01
2dbyA01
2dbyA02
2dc1A01
2dc4A00
2dccA00
2dclA00
2ddfA00
2ddhA01
2ddhA02
2ddhA03
2dgsA01
2dhjA00
2dizA00
2djfA00
2djfC00
2dkjA01
2dkjA02
2dknB00
2dkoA00
2dm0A01
2dmlA01
2dmqA01
2dn1B00
2dn6A00
2do0A01
2dpfA00
2dplA01
2dplA02
2dpmA01
2dpmA02
2driA01
2driA02
2drpA01
2drpA02
2dsaA02
2dsjA01
2dsjA02
2dsjA03
2dsmA00
2dsnA00
2dsxA00
2dt4A00
2dt5A02
2dt5B01
2dt8A01
2dtgE04
2dtgE05
2dtgE06
2dtrA01
2dtrA02
2dvmA01
2dwuA02
2dxaA00
2dxqA00
2dy0A00
2dylA01
2dziA00
2dznA00
2e01A01
2e0qA00
2e2aA00
2e2cA00
2e2dC01
2e2dC02
2e2rA00
2e3zB00
2e42A00
2e55A00
2e5wA01
2e5yA01
2e5yA02
2e6fA01
2e6fA02
2e6iA00
2e74A00
2e7fA00
2e7hA01
2e9wA01
2ea7C02
2ebjA00
2ebnA00
2eboA00
2ec8A01
2ec8A02
2ec8A03
2ec8A04
2ec8A05
2ecsA00
2ef0A01
2eggA02
2eigA00
2eiyB01
2eiyB02
2ejaA00
2eklA01
2eklA02
2ekpA00
2elcA02
2endA00
2engA00
2epdA00
2epiB00
2eq6A01
2eq6A02
2eq6A03
2erlA00
2errA01
2erwA00
2erxA00
2essA01
2essA02
2etdA00
2eu9A02
2evaA01
2evaA02
2ew8B00
2ez2A02
2ez9A01
2ezhA00
2ezkA00
2f01B00
2f1lA02
2f1nA00
2f2bA00
2f2cA02
2f2gA00
2f2uA02
2f2uB01
2f3yA02
2f46A00
2f48A01
2f48A02
2f48A03
2f4lA01
2f4lA02
2f4lA03
2f51A00
2f57B01
2f69A02
2f6kA00
2f6rA00
2f6uA00
2f8aB00
2f8yB00
2f91A02
2f93B00
2f9sB00
2fa1A00
2fa8B00
2fafA01
2fafA02
2fafA03
2fazA00
2fb5A01
2fb5A02
2fb6A00
2fb9A01
2fb9A02
2fbaA00
2fbjH02
2fcbA01
2fcbA02
2fcpA02
2fcrA00
2fcwB01
2fcwB02
2fd6A01
2fdbN00
2fdnA00
2fe5A00
2fepA01
2fepA02
2ffiA00
2ffmA00
2ffyA00
2fg9A01
2fgoA00
2fgqX00
2fh1A01
2fh1A02
2fh1B03
2fhh200
2fhtA00
2fi9A00
2fibA01
2fiqA02
2fiqB01
2fitA00
2fiuA00
2fiyA00
2fj6A01
2fj8A01
2fjcB00
2flbL01
2flbT00
2fldA00
2fmaA00
2fmmB00
2fmpA02
2fmpA04
2fmrA00
2fnaA01
2fnaA02
2fnaA03
2fnbA00
2fneA00
2fnjB00
2fnjC00
2fokA02
2fokA03
2fokB01
2fp4B01
2fp4B03
2fpqA00
2fq6A01
2fq6A02
2fr5A00
2fs2B00
2fstX01
2fstX02
2ftrA00
2ftsA02
2ftsA04
2fuiA00
2fupA00
2furB00
2fv7A00
2fvgA02
2fvyA01
2fvyA02
2fwhA00
2fxuA02
2fy7A00
2fytA02
2fyxA00
2fziA00
2g03A00
2g0tA02
2g0tB01
2g2uB01
2g2uB02
2g30A01
2g30A02
2g3rA01
2g3rA02
2g40A00
2g50A01
2g50A02
2g50F03
2g5rA00
2g64A00
2g6zA00
2g76A01
2g76A02
2g7bA00
2g7nA00
2g7uA01
2g81I00
2g82A02
2g8mA00
2g8nA00
2g9oA00
2g9zA02
2ga1A01
2ga1A02
2gasA01
2gasA02
2gbjB00
2gboA00
2gc5A01
2gcgA02
2ge9A00
2gebA00
2gf3A01
2gf3A02
2gf4A00
2gf4B00
2gg2A00
2ghjE02
2ghsA00
2ghtA00
2gi4A00
2gigB00
2gj4A01
2gj4A02
2gjgA01
2gjgA02
2gk3A00
2gk9B01
2gkeA01
2gkeA02
2gkmA00
2gkpA00
2gl1A00
2glfA01
2glfA02
2gliA02
2gliA04
2gm2A01
2gm5B00
2gm6A01
2gm6A02
2gmeA00
2gmfA00
2gmnA00
2gnnB00
2gnoA01
2gnoA02
2gnoA03
2gnpA00
2gnrA02
2gpfA01
2gpiA00
2gpjA01
2gpjA02
2gq1A01
2gqfA01
2gqfA02
2gqfA03
2gqwA01
2gqwA02
2gqwA03
2greA01
2greF02
2grjA00
2grrA00
2grrB00
2gsaA02
2gskA02
2gsmB01
2gsmB02
2gsqA01
2gsqA02
2gtqA05
2gu3A01
2gu3A02
2guiA00
2guwC02
2guyA01
2guyA02
2gv8A01
2gv8A02
2gviA01
2gviA02
2gviA03
2gwgA00
2gxqA00
2gy5A01
2gy5A02
2gy5A03
2gy5A04
2gybC01
2gybC02
2gybD01
2gybD02
2gybE01
2gybE02
2gybI00
2gybJ00
2gybK00
2gybM01
2gybN00
2gybO00
2gybS00
2gycE01
2gycG01
2gycG02
2gycL00
2gycR00
2gykB00
2gyqA00
2gysA01
2gysA02
2gysA03
2gysB04
2h12B02
2h1vA01
2h1vA02
2h1yA01
2h21A02
2h21C01
2h26A01
2h26A02
2h2bA00
2h2tB01
2h2zA01
2h2zA02
2h2zA03
2h32A00
2h3hA01
2h3hB02
2h3lB00
2h4pA02
2h57B00
2h5cA01
2h5cA02
2h5xA01
2h5xA03
2h5xB02
2h5yA02
2h5yB01
2h62C00
2h6dA01
2h6fA00
2h6fB00
2h6uA00
2h79A00
2h7cB00
2h7iA00
2h7jA00
2h88B01
2h88B02
2h88C01
2h88C02
2h88D00
2h8aA00
2h8eA00
2h8gA00
2h8oA00
2h9fA01
2h9fA02
2ha9B00
2hafA02
2hahA00
2halA01
2halA02
2hayB00
2hbaA00
2hboA01
2hbwA01
2hbwA02
2hc1A00
2hc5A01
2hc9A01
2hc9A02
2hcfA01
2hcfA02
2hciA00
2hcmA01
2hczX01
2hd3L00
2hd9A00
2hddB00
2hdoA01
2hdoA02
2hdwA01
2he2B00
2he7A01
2he7A02
2he7A03
2hekA01
2hekA02
2heoA00
2hepA00
2heqA01
2hf1A01
2hfqA00
2hftA01
2hftA02
2hfvA01
2hg6A00
2hg7A00
2hg8A01
2hg8A02
2hgaA01
2hgcA00
2hgkA01
2hgsA01
2hgsA03
2hh8A00
2hhgA00
2hhjB00
2hhpA02
2hhpA03
2hhvA01
2hhvA02
2hhvA03
2hhvA04
2hhzA00
2hi0A01
2hi0A02
2hi2A00
2hi6A00
2hi7B00
2hihB00
2hiyA02
2hiyB01
2hj0A02
2hj1A00
2hj8A00
2hjjA00
2hjmA01
2hjqA01
2hjqA02
2hjsA01
2hjsA02
2hk9B01
2hkeB01
2hkuB00
2hkvA01
2hlcA01
2hlcA02
2hljA01
2hlyA00
2hm7A00
2hmaA01
2hmaA02
2hmaA03
2hmcA00
2hmtA00
2hngA00
2hntC00
2hntE00
2hnuA00
2hnxA00
2ho3A01
2ho3C02
2ho4A02
2ho4B01
2hoeA01
2hoeA02
2hoeA03
2hoxA01
2hoxA02
2hoxA03
2hoyA01
2hp4A00
2hpkA00
2hpsA00
2hpvA00
2hq4A00
2hq7B00
2hq9B00
2hqbA01
2hqbA02
2hqeA01
2hqlA01
2hqsA01
2hqsA02
2hqsG00
2hqvA00
2hqxA01
2hqyA01
2hqyA02
2hr2A00
2hr3A01
2hr3B03
2hr3D02
2hr7A01
2hr7A02
2hr7B02
2hr7B03
2hrcA01
2hrcA02
2hrvA01
2hrvA02
2hrzA01
2hrzA02
2hs1A00
2hs5A01
2hs5A02
2hsbA00
2hsiA01
2hsiB02
2hsjD00
2hszA01
2hszA02
2htdB00
2htiA00
2hueB00
2hueC00
2hufA01
2hufA02
2huhA01
2hujA00
2hv2A01
2hv2A03
2hv2C02
2hwjA02
2hwjB01
2hwnB00
2hx0A01
2hx1A01
2hx1A02
2hx5A00
2hxiA01
2hxiB02
2hxjF01
2hxmA00
2hxoA01
2hxoA02
2hxsA00
2hxvA02
2hy0A02
2hy5B00
2hydA01
2hyjA01
2hyjA02
2hytA00
2hyvA02
2hyvA03
2hyvA04
2hyxA01
2hyxA02
2hzaA01
2hzcA00
2hzeA00
2hzgA02
2hzgB01
2hziA02
2i00A02
2i00A03
2i00C01
2i02A00
2i06A01
2i06A02
2i09A01
2i09A02
2i0eB01
2i0kA03
2i0mA01
2i0mA02
2i0oA00
2i0xA01
2i0zA01
2i10B01
2i10B02
2i15A01
2i15A02
2i1oA01
2i1oA02
2i1sA00
2i1yA00
2i2lB02
2i2oA00
2i2qA00
2i3dB00
2i3fA00
2i3hB00
2i44B00
2i45D00
2i4aA00
2i4rB00
2i51B00
2i52B00
2i5bA00
2i5eA01
2i5fA00
2i5gA00
2i5hA01
2i5hA02
2i5iA00
2i5nC01
2i5nC02
2i5nL02
2i5uA00
2i6cA00
2i6dA01
2i6dA02
2i6eA01
2i6eA02
2i6gB00
2i6hA01
2i6hA02
2i6lA01
2i6xA01
2i6xA02
2i71A01
2i76A01
2i76A02
2i79D00
2i7cB02
2i7dA01
2i7dA02
2i7gA00
2i7hA00
2i7rA00
2i8dA02
2i8gA00
2i9aB01
2i9aC02
2i9cA01
2i9dA00
2i9iA00
2i9uA01
2i9uA02
2i9wA00
2i9xA00
2i9yA00
2ia0A01
2ia0B02
2ia1A01
2ia1B02
2ia2A02
2ia2C01
2ia2D01
2ia7A00
2iabA01
2iafA00
2iaiA02
2ialA01
2iayA00
2iazA00
2ib0A01
2ibaA00
2ibdA01
2ibdA02
2ibjA00
2iboA00
2icgA00
2ichA01
2ichB02
2icsA01
2icsA02
2ictA01
2icuA00
2icwG01
2icwG02
2id3A01
2id3A02
2id4A01
2id4A02
2id6A01
2idaA01
2idbA02
2idbA03
2idbC03
2idgB00
2idjD01
2ieeA01
2ieeA02
2ielA00
2if1A00
2if2A00
2if5A00
2if6A00
2ifgA01
2ifgA02
2ifoA00
2ifuD00
2ifxA01
2ig6A00
2ig7A01
2ig8A00
2igbB00
2igiB00
2igsA00
2igtA01
2igtA02
2ih2A01
2ih2A02
2ih3C00
2ihtA03
2ihuA01
2ihuA02
2ii0A01
2ii0A02
2iidA01
2iidA02
2iidA03
2iihA00
2iimA00
2ij0C00
2ij2B00
2ijlB00
2ijqA00
2ijqB00
2ijrA01
2ijrA02
2ijzA01
2ijzA02
2ikbB00
2ikkA00
2iksA01
2iksB02
2il5A00
2ilnI00
2im8A00
2im9A01
2im9A02
2im9A03
2imgA00
2imhA01
2imjD01
2imlA01
2imlA02
2imqX00
2imrA01
2imrA02
2in3A01
2in3A02
2in5A00
2inbA00
2incB00
2inwA01
2iogA00
2ioiA00
2iojA00
2ip1A01
2ip1A02
2ipqX01
2ipqX02
2iprA00
2ipxA01
2iq1A00
2iqiG00
2iqtA00
2iqyA00
2irfG00
2is6A01
2is6A03
2is6B02
2is6B04
2isbA00
2isnB00
2it9A00
2itbB00
2iubA02
2iubF03
2iugA00
2iv2X01
2iv2X02
2iv2X03
2iv2X04
2ivyA01
2iwnA00
2iwoB00
2iwqA00
2iwxA00
2ixdB00
2ixeD01
2ixtA00
2iy5A00
2iyvA00
2iz1A03
2iz2A00
2izrA01
2izrA02
2izxB00
2j07A02
2j0iA01
2j0iA02
2j23A00
2j32A00
2j3wA00
2j45A02
2j4oA00
2j51A01
2j58A01
2j58A02
2j58A03
2j58A04
2j5gK00
2j5wA02
2j5yA00
2j5zA02
2j67A00
2j6fA00
2j7zA00
2j80B00
2j82A00
2j8bA00
2j8gA01
2j8gA02
2j8gA03
2j8hA01
2j8hA02
2j8sA03
2j92A02
2jafA00
2jbaA00
2jbzA00
2jc6A01
2jd4A01
2jd4A02
2jedB01
2jfgA01
2jfgA02
2jfgA03
2jfrA00
2jgnB00
2jhfA01
2jhfA02
2jhmF02
2jiiA01
2jiiA02
2jikB00
2jilA00
2jkbA02
2jkbA03
2jkhA01
2jkhA02
2jm4A00
2jmfA01
2jmpA01
2jn4A00
2jn6A01
2jn9A01
2jnaA01
2jneA00
2jngA00
2jo1A00
2joeA01
2jovA01
2joyA01
2jozA01
2jq4A00
2jq5A00
2jqoA01
2jraA01
2jrjA00
2jrmA00
2jroA01
2jrrA01
2jrzA00
2js2A00
2js3A01
2js4A01
2js7A01
2jt1A00
2jtvA00
2ju4A00
2jv8A00
2jvaA00
2jvwA01
2jwaA00
2jwnA01
2jwyA01
2jxdA00
2jxpA01
2jxtA01
2jxxA00
2jyaA00
2jynA01
2jz4A01
2jz5A00
2jz6A01
2jz8A00
2jzaA01
2jzcA00
2k0mA00
2k0sA00
2k0zA00
2k1sA00
2k2dA00
2k3dA00
2k57A00
2k8fA00
2k9xA00
2kfnA01
2kinA00
2lefA00
2lisA00
2ltnA00
2mcmA00
2mdhA02
2mdhB01
2mev400
2mhrA00
2mobA00
2nacA01
2nacA02
2napA01
2napA02
2napA03
2napA04
2nllA00
2nlrA00
2nlvA00
2nlyA00
2nn4A00
2nn5A00
2nnnC00
2nnuA01
2nnuA02
2no7B00
2nocA01
2np2A00
2np3A00
2np3B02
2np5D00
2npnA01
2npnA02
2nptB01
2nptC01
2nq2A00
2nq2D00
2nqcA00
2nqlA01
2nqlA02
2nqwA00
2nr4A01
2nr4A02
2nr5E00
2nr7A00
2nr8A00
2nrhB01
2nrhB02
2nrjA01
2nrkA00
2nrlA00
2nrqA00
2nruA02
2ns0A00
2ns9A01
2nspA00
2nsqA00
2nt0A01
2nt0A02
2nteA01
2nteA02
2ntkB00
2nu8B02
2nuhA00
2nujA01
2nv0A00
2nv4A00
2nvaC02
2nvkX01
2nvkX02
2nvkX03
2nvnA00
2nw2A01
2nwaA01
2nwfA00
2nwhA00
2nwiB00
2nwrA00
2nwtA00
2nwuB01
2nx2A00
2nxfA01
2nxoA02
2nxoD01
2ny1A00
2ny1B01
2ny1B02
2ny9X00
2nyiA01
2nyiA02
2nyrB01
2nyvA01
2nyvA02
2nyxB01
2nyzE00
2nzcA00
2nzhB00
2nziA03
2nzlA00
2o01401
2o01G01
2o01H01
2o01J01
2o01L01
2o02A00
2o04A00
2o0mA00
2o0tA01
2o0tA02
2o0yB01
2o0yB02
2o0yC01
2o14A01
2o14A02
2o1kA00
2o1mA01
2o1mA02
2o1qA01
2o1rA00
2o23A00
2o2cA02
2o2cA03
2o2cC01
2o2gA00
2o2kA01
2o2oA00
2o2tB00
2o2xA01
2o30A00
2o34A00
2o35A00
2o35B00
2o36A01
2o36A02
2o36A03
2o38A01
2o39C01
2o39C02
2o3aB00
2o3fA00
2o3gA00
2o3iA01
2o3iA02
2o3jA02
2o3jA03
2o3jB01
2o3lA00
2o4tA00
2o55A00
2o57A01
2o57A02
2o57D00
2o5aA01
2o5hA00
2o62A01
2o62A02
2o6kB00
2o6xA00
2o7tA00
2o8iA00
2o8lA01
2o8lA02
2o8mA02
2o8mB01
2o8nA00
2o8qA00
2o8rA03
2o8rB01
2o8rB02
2o8rB03
2o8sA01
2o8tA01
2o99B00
2o9sA00
2o9uX00
2oa2A01
2oa4A01
2oafA00
2oarA02
2oarE02
2oasA01
2oasA02
2oatA01
2oatA02
2oawA00
2ob3A00
2ob4A00
2ob5A00
2obbA00
2obnA02
2obnD01
2obpA00
2obxA00
2oc5A01
2ochA00
2oczA00
2od0A00
2od4B01
2od5A00
2od6C00
2odfD01
2odkA00
2oebA00
2oeeB00
2oezA01
2of7A02
2ofcA00
2ofhX00
2ofkA00
2ofyA01
2og9A01
2og9A02
2ogaA01
2ogfA00
2oggA01
2ogiB00
2ogjA01
2ogjA02
2ogkB00
2oh1C00
2oh3A01
2ohfA03
2ohhA01
2ohhA02
2ohwA00
2oi8A00
2oibA01
2oikA00
2oiwA00
2oizH00
2ojhA00
2okaA00
2okbA00
2okqB00
2oktA01
2oktA02
2okuA00
2ol5A00
2olsA01
2olsA02
2olsA03
2olsA04
2omjA00
2omzB00
2onfA01
2onkA00
2onsA01
2onsA02
2oo2A00
2oo3A00
2oo6A01
2oo6A02
2oo8X01
2oocB00
2oodA01
2oodA02
2oogD00
2oojB00
2ookA00
2ooqA00
2oosB00
2op2A00
2op5E01
2opgA00
2opiB00
2opjA01
2opkB01
2oplB01
2opoC00
2opsB02
2opsB03
2oq0B02
2oq0C01
2oq1A01
2oq1A02
2oq1A03
2oqeA01
2oqeA02
2oqgC00
2oqhA02
2oqhB01
2oqmB01
2oqtC00
2oqyA01
2oqyA02
2oqzA00
2or0A03
2or0B01
2or2A00
2os0A00
2osoA00
2ot9A01
2otaA00
2otdA01
2otkE00
2otmA00
2otuA00
2ou3A01
2ou5A00
2ou6A00
2oufA00
2ouiA01
2ouiA02
2ouwB00
2ouxA01
2ov0A00
2ov9A02
2ov9D01
2ovkB01
2ovlA01
2owpA00
2ox6D00
2ox7A01
2ox7A02
2oxcA00
2oxnA00
2oy9A01
2oyaA00
2oycA01
2oyhA00
2oyhE01
2oyoA01
2oyoA02
2oyrA01
2oyzA00
2oz8A01
2oz8A02
2ozaA01
2ozaA03
2ozfA00
2ozgA01
2ozgA02
2ozgA03
2ozhA01
2ozjA00
2ozlB01
2ozlB02
2oztA01
2oztA02
2ozvA01
2ozzA01
2ozzA02
2p02A01
2p02A02
2p02A03
2p06A00
2p0aA01
2p0gB00
2p0lA00
2p0nA00
2p0oA01
2p0oA02
2p0sB01
2p0tA01
2p0tA02
2p0vA01
2p10A02
2p10C01
2p11A01
2p12A01
2p13A00
2p17A00
2p19A01
2p1aB01
2p1gA01
2p1gA02
2p1jA01
2p1jA02
2p1jB02
2p1zB00
2p25A01
2p2eA00
2p2sA01
2p2sA02
2p2uA01
2p2vA00
2p35A01
2p35A02
2p39A00
2p3eA01
2p3eB02
2p3hA00
2p3xA00
2p3yA01
2p3yA02
2p3yA03
2p3yA04
2p41A00
2p45B00
2p4gA00
2p4oA01
2p5vA01
2p5yA02
2p5zX02
2p5zX03
2p5zX04
2p61A00
2p62A01
2p62A02
2p65A00
2p67A01
2p67A03
2p6bA00
2p74A00
2p7iA00
2p7jA02
2p7jB01
2p7jB03
2p7oA00
2p7sA00
2p84A01
2p84A02
2p86A00
2p8gA00
2p8iC00
2p8jA00
2p8tA01
2p8tA02
2p8vA00
2p90A02
2p91C00
2p97A00
2p9bA01
2pagA00
2pajA01
2pajA02
2pbeA01
2pbeA02
2pbiB00
2pbkB00
2pblA01
2pbpA01
2pbyA02
2pbzA03
2pc1A00
2pc8A00
2pcjA00
2pcsA00
2pd1A01
2pdoA01
2pehA01
2pf2A00
2pf5D00
2pfsA01
2pfwA00
2pfxA01
2pg0A01
2pg0A03
2pg3A00
2pg4A00
2pgcA01
2pgcA02
2pgdA01
2pgdA02
2pgdA03
2pgeA01
2pgeA02
2pgsA02
2pgsA03
2pgwA01
2pgwA02
2ph1A00
2ph5A01
2ph5A02
2ph7A01
2ph7A02
2phcB01
2phcB02
2phjA00
2phnA01
2phnA02
2phpB00
2phzA01
2phzA02
2pi0A01
2pi2D00
2pi2E00
2piaA01
2piaA02
2piaA03
2pifA01
2pihA00
2pimA00
2pjkA00
2pjqA01
2pjrA03
2pjsA01
2pjuA02
2pjuC01
2pjuD03
2pjyC00
2pkaA00
2pkaB00
2pkeA01
2pkeA02
2pkhB01
2pl3A00
2plcA00
2pldA00
2plgA01
2pliA00
2pmaA01
2pmfA01
2pmqA01
2pmqA02
2pmrA00
2pmzN00
2pn0A01
2pn0A02
2pn1A01
2pn1A02
2pn1A03
2pn2A00
2pn6A01
2pn6A02
2pn8H00
2pnwA01
2podB02
2pofA00
2poiA00
2pokA01
2pokA02
2porA00
2pozH02
2pp6A01
2pp6A02
2ppqA01
2ppqA02
2ppxA00
2pq7A00
2pqcA01
2pqcA02
2pqqA00
2pqvB00
2pr1A00
2pr3B00
2pr7A00
2pr9A01
2pr9A02
2prgC00
2proC01
2prp000
2prrA01
2prvB00
2prxA00
2ps2A01
2psbA00
2psfA00
2pspA01
2pspA02
2pt7A02
2pt7C01
2ptfA01
2pthA00
2ptrA01
2ptrA02
2ptrB03
2pu9C00
2puyB00
2pv4A00
2pv7A01
2pv7A02
2pvbA00
2pvqA01
2pvqA02
2pvuA01
2pw4A00
2pw6A00
2pw8I00
2pw9A01
2pw9A02
2pw9C02
2pw9C03
2pwaA00
2pwoB00
2pwwA00
2px6A02
2px6B01
2px7A00
2py5A01
2py5A02
2py5A03
2py5A04
2py5A05
2py5A06
2py6A02
2py6A03
2pyqA00
2pytA00
2pyxA01
2pyyB01
2pz9A00
2q00B00
2q01A01
2q01A02
2q02A00
2q03B00
2q04F00
2q07A01
2q07A02
2q0tB01
2q0uA01
2q0xA01
2q0yA01
2q0zX01
2q0zX02
2q0zX03
2q14B01
2q20A00
2q22A00
2q24A00
2q30A01
2q3gA00
2q5cA01
2q5cA02
2q5iA03
2q5yA00
2q66A01
2q67B00
2q6mA00
2q78F00
2q7bA00
2q7rA00
2q7sA00
2q7wA02
2q83A02
2q83B01
2q8gA01
2q8gA02
2q8nA01
2q8nA02
2q8oA00
2q8rE00
2q8uA01
2q8uA02
2q9kA00
2q9oA01
2q9oA02
2q9oA03
2q9rA01
2q9uB01
2q9vA00
2qa0A00
2qa9E01
2qa9E02
2qaeA02
2qahA00
2qaiA00
2qamC01
2qamC03
2qamJ00
2qamZ00
2qazD00
2qcbA00
2qcfA00
2qckA01
2qcvA01
2qcvA02
2qcxA00
2qddA02
2qdeA02
2qdkA00
2qdrA01
2qdxA01
2qdxA02
2qdyA00
2qdyB01
2qdyB02
2qe6A00
2qe8A00
2qe9A01
2qeaB00
2qecA00
2qedA00
2qeeA02
2qeuB00
2qezA01
2qezA02
2qezE03
2qf3B02
2qf9A01
2qfaA00
2qfiA01
2qfiA02
2qfjA02
2qfpA01
2qfpA02
2qg1A00
2qg7B01
2qg7D02
2qgaB01
2qggA01
2qgmA01
2qgmA02
2qgmA03
2qgoA00
2qgqA02
2qgqB01
2qgsB01
2qguA01
2qguA02
2qgyA02
2qgyB01
2qgzA01
2qh0A00
2qh5B00
2qh8A01
2qh8A02
2qhkA00
2qhpA00
2qhqB00
2qi9A00
2qiaA01
2qiaA02
2qibB00
2qifA00
2qikA01
2qikA02
2qimA00
2qipA00
2qisA00
2qiwA01
2qiwA02
2qj2A01
2qjcA00
2qjlA00
2qjpB02
2qjvA01
2qjvA02
2qjwA00
2qjxA00
2qjyB01
2qjyB02
2qjzB00
2qkoA00
2qkpD00
2qkwB01
2qkwB02
2ql2C00
2ql3A01
2ql3A02
2qlcA00
2qltA01
2qltA02
2qm0B01
2qm1A01
2qm1A02
2qm3A01
2qm3A02
2qm4C02
2qm4D01
2qm8A02
2qmaA02
2qmaA03
2qmlA00
2qmmA00
2qmoA00
2qmqA00
2qmwA01
2qmwA02
2qmwA03
2qmxA01
2qmxA02
2qmxA03
2qn4A00
2qngA01
2qniA01
2qnlA00
2qntA01
2qnuA00
2qocA02
2qolA01
2qorA01
2qorA02
2qp8A01
2qpnB00
2qpvA00
2qpwA01
2qpxA00
2qq5A00
2qq6A02
2qq6B01
2qq8A02
2qqiA01
2qqiA02
2qqkA01
2qqmA01
2qqyA00
2qqzA01
2qr3A00
2qr6A01
2qr6A02
2qrrA00
2qruA00
2qs7A00
2qs8A01
2qs9A00
2qsaA00
2qsbA00
2qsdA01
2qsdB02
2qsiA01
2qsiA02
2qsjB00
2qsqB01
2qsvA01
2qsvA02
2qswA00
2qsxA01
2qsxB02
2qt1A00
2qt3A01
2qt3A02
2qt6A01
2qt6A02
2qtdA00
2qtqB00
2qtsA02
2qtsA03
2qtsA04
2qtsC01
2qu7A01
2qu7A02
2qu8A00
2qudA00
2qupA00
2quyA00
2qv0A00
2qv5A01
2qv8A00
2qvgA00
2qvhA02
2qvjA01
2qvjA02
2qvoA00
2qw5A00
2qw7C00
2qwoB00
2qwtA00
2qwvA00
2qwwC00
2qwzA01
2qx2A00
2qxfA01
2qxiA02
2qxlA02
2qxlA03
2qxlB01
2qxlB05
2qxlB06
2qxyA00
2qy1A00
2qy6A01
2qyaA01
2qybA00
2qycA00
2qytA01
2qytA02
2qyvA01
2qyxA02
2qyxB01
2qyzA01
2qz8A02
2qzbA00
2qzcA00
2qzgA01
2qziA00
2qzjA00
2qzuA01
2qzuA02
2r01A01
2r01A02
2r05A01
2r05A02
2r05A03
2r0bA00
2r0hA00
2r0lA02
2r0xA00
2r0yA01
2r0yA02
2r11D00
2r19A00
2r1bA00
2r1iA01
2r1jL00
2r25A00
2r25B00
2r2aA00
2r2cB00
2r2oA00
2r2zA00
2r39A00
2r3bA01
2r3iA01
2r3iA02
2r3sA02
2r3sA03
2r3sB01
2r40D00
2r44A01
2r44A02
2r44A03
2r47A01
2r4fA02
2r4fA03
2r4fD01
2r4hC01
2r4iA00
2r4qA00
2r4rA00
2r55A00
2r5fA00
2r5oA01
2r5rA00
2r5sA01
2r5sA02
2r6fA02
2r6fA03
2r6fA04
2r6fA05
2r6fA06
2r6gF01
2r6gF02
2r6gF03
2r6gF04
2r6hA01
2r6hA02
2r6iA02
2r6jA02
2r6oB00
2r6uA01
2r6vA01
2r6zA01
2r6zB02
2r76A00
2r78C00
2r7dA01
2r7dA03
2r7fA03
2r7gA01
2r7hB00
2r7jA01
2r7jA02
2r7kA01
2r85A01
2r85A02
2r85A03
2r8bA00
2r8cA01
2r8cA02
2r8oA01
2r8oA02
2r8oB03
2r8rA00
2r8wA00
2r9iA00
2r9qA02
2r9qC01
2r9rB03
2r9rH02
2r9zA02
2ra2B00
2ra4A00
2ra6C00
2ra7A00
2ra8A01
2ra8A02
2ra9A01
2ra9A02
2raaA00
2raeA01
2raeA02
2rafB01
2ragA00
2rasA01
2rauA00
2rb4A00
2rb7A01
2rb7A02
2rb8A00
2rbbA00
2rbcA00
2rbdA01
2rc5A02
2rc5B01
2rccA01
2rcnA03
2rcqA00
2rcyA01
2rd0A01
2rd0A02
2rd0A03
2rd9B01
2rdcA00
2rdeA02
2rdeB01
2rdgA01
2rdkA00
2rdmA00
2rdpA00
2rdqA00
2re2A00
2re3A01
2re3A02
2re3B03
2re7A00
2reoA01
2rf5A00
2rffA00
2rfgA00
2rflH00
2rfpA00
2rfqA02
2rfqB01
2rfqC03
2rfrA00
2rftB00
2rg4A01
2rgnB02
2rgpA01
2rgqB00
2rgrA03
2rgrA05
2rgyA01
2rgyA02
2rh0A01
2rh0A02
2rh2A00
2rh7B00
2rhcA00
2rhmC00
2rhqB01
2rhqB03
2rhqB04
2rhqB05
2rhsC00
2rhsD02
2rhsD06
2ri9A00
2rijA02
2rijA03
2rikA01
2rikA02
2rikA03
2rilA00
2rivA01
2rivA02
2rjnA00
2rjoA01
2rjoA02
2rjzA01
2rjzA02
2rk0A01
2rk5A00
2rk9B00
2rkhA01
2rkhA02
2rkiA05
2rkiB03
2rkiB04
2rkkA01
2rklB00
2rkuA01
2rl8A00
2rldB00
2rslA00
2rspA00
2sakA00
2sasA00
2scpA00
2shpA02
2sicI00
2sliA01
2sn3A00
2sobA00
2spcA00
2sqcA01
2sqcA02
2sttA00
2tbvA00
2tgiA00
2tnfA00
2tpsB00
2tptA01
2tptA03
2trcP01
2u1aA00
2u2fA00
2uvoA04
2ux0B00
2ux9B00
2uxqB00
2uxwA01
2uxwA03
2uy2A00
2uzhA00
2uzpA00
2uzxB01
2uzxB02
2uzyB02
2uzyB03
2uzyB04
2uzzA02
2v1rA00
2v2gD02
2v3iA00
2v3sA00
2v3zA01
2v3zA02
2v40A01
2v40A03
2v44A01
2v44A02
2v4jC01
2v6kA02
2v7qI00
2v8fA00
2v8hA01
2v8hA02
2v95A02
2v9bA00
2v9lA00
2va1B00
2vapA01
2vapA02
2vb1A00
2vbaA01
2vbaC02
2vbuA01
2vc4A01
2vc4A02
2vcnA01
2vd3A03
2vd5B01
2vd8B01
2vdfA00
2vdjA01
2vdrA00
2vfmA00
2vg9A00
2vglA00
2vglB00
2vglM01
2vglS00
2vgoA02
2vgpB01
2vheA01
2vhkA00
2vhlA02
2vhlB01
2vifA01
2vigA01
2vimA00
2virC01
2viuA02
2vjgA00
2vk8A01
2vk8A02
2vk8A03
2vkeA01
2vkeA02
2vknA00
2vlqA00
2vlwA00
2vnvA00
2vo4A01
2vo4A02
2voaA00
2vooB01
2vooB02
2vozB01
2vp4D00
2vpaA00
2vq8A00
2vqeE02
2vqeP00
2vqeT00
2vrfA00
2vrnA00
2vs7A02
2vsgA01
2vsgA02
2vutI00
2vvgB00
2vvpC00
2vwrA00
2vx5A00
2vyaB00
2vz5A00
2w07A01
2w07A02
2w1vA00
2w2jA00
2w2nA00
2w3sA02
2w3sA03
2w3sA05
2w42B01
2w42B02
2w4fA00
2w5aA01
2w5aA02
2w79A00
2wga001
2wga002
2yqgA00
2yquA02
2yrrA02
2yvaA00
2yw2A02
2yw6B00
2ywvA02
2ywwA01
2ywwB02
2yxtA00
2yy3A00
2yyuB00
2yyvB00
2yyyA01
2yyyA02
2z01A01
2z01A02
2z02A01
2z06A00
2z0tA00
2z16A02
2z16B01
2z1nA00
2z26B00
2z3tA00
2z3yA01
2z4fA00
2z4sA02
2z4uA01
2z4uA02
2z5uA03
2z6rA02
2z6rB01
2z7fI00
2z7rA01
2z8aA00
2z8lA02
2z8uB02
2z98A00
2z9iC01
2za0B00
2za4B00
2zadA01
2zadA02
2zatA00
2zayA00
2zb4A02
2zbkA01
2zbkA02
2zbkB03
2zbvA02
2zbwA01
2zbwA02
2zbxA00
2zc2A00
2zd1A02
2zd1A03
2zd1A04
2zd1A05
2zejA01
2zejB02
2zeqA00
2zfdA00
2zfgA00
2zfzF00
2zhjA01
2zhjA02
2zhjA03
2zhxE00
2zhyB01
2zibA00
2zihB00
2zjdA00
2zjlA02
2zkoA00
2zmfA00
2zp1A01
2zptX00
2zqmA00
2zsgA02
2zu1A01
2zu1A02
2zwuA00
2zyqA01
2zzzA02
351cA00
3b2nA00
3b2vA01
3b2vA03
3b2vA04
3b2yA00
3b33A00
3b40A01
3b40A02
3b43A02
3b44A00
3b48B00
3b49A00
3b4nA01
3b4nA02
3b4sA02
3b4sB01
3b4uA00
3b4wA01
3b55A03
3b59A01
3b59A02
3b5eB00
3b5mA01
3b5mC02
3b5nA00
3b5nJ00
3b5oA00
3b6eA00
3b6nA00
3b73A00
3b77A02
3b77B01
3b79A00
3b7cA00
3b7fA00
3b7hA00
3b7kA02
3b7kB01
3b7kC02
3b7nA01
3b7nA02
3b7oA00
3b7xA00
3b81A00
3b84A00
3b85A00
3b89A01
3b89A02
3b8bA01
3b8bA02
3b8cA01
3b8cA03
3b8cA04
3b8eA01
3b8eA02
3b8eB00
3b8fC00
3b8lA01
3b8oA01
3b8pA00
3b8xA01
3b8xA02
3b9eA01
3b9fI02
3b9gB00
3b9wA00
3ba3B00
3bamA00
3bb0A01
3bb0A02
3bb5D00
3bb6C00
3bb9B00
3bblA01
3bblA02
3bbyA02
3bceA01
3bcvA00
3bcwA01
3bd1A00
3bd1B00
3bddD00
3bdeA00
3bdfB00
3bdiA00
3bdrA00
3bdvA00
3bdwA00
3be3A00
3be4A00
3be7A01
3be7A02
3bedA00
3beeA00
3behA01
3behA02
3beiA00
3bejB00
3bemB00
3beoA01
3beoA02
3besL00
3beuA02
3bevA01
3beyD00
3bf0A02
3bf0C01
3bf0C03
3bf2A00
3bf4A01
3bf5A01
3bf5A02
3bfmA01
3bfmA02
3bfnA01
3bfoA00
3bfpA02
3bg2A01
3bg2A02
3bg2A03
3bg3B01
3bg3B02
3bg3B04
3bgaA02
3bgaA04
3bgaA05
3bgeA01
3bgeB02
3bghB01
3bguA01
3bh1A01
3bh1A02
3bhdB00
3bhnA00
3bhpB00
3bhqA00
3bhwA00
3bhyA02
3bi7A01
3bidA01
3bijB00
3bilA01
3bilA02
3bioA02
3bioB01
3biqA01
3biqA02
3bixA00
3bj6B00
3bjaA00
3bjbD00
3bjdA01
3bjdA02
3bjeA01
3bjhA00
3bjnA00
3bjoA00
3bjqJ00
3bjrA00
3bjsA01
3bjsA02
3bjuB01
3bk5A00
3bkbA01
3bkpA00
3bkxA00
3bkzA00
3bl4A01
3bl4A02
3blhA01
3blnA00
3blzA00
3bm7A00
3bmjB00
3bmvA01
3bmvA02
3bmvA03
3bmvA04
3bn6A00
3bn7A00
3bniB00
3bnwB00
3bnyD00
3bo5A00
3bo7B00
3bofA02
3bopC00
3boqA00
3bosA02
3bosB01
3bp1A01
3bp1B02
3bp3A00
3bp6A00
3bp8C00
3bpdA01
3bpjB00
3bpkA01
3bpoA00
3bpuA00
3bpzA01
3bpzA02
3bq5A01
3bq9A01
3bqcA01
3bqcA02
3bqoA00
3bqsA00
3bqwA01
3bqwA02
3bqxA00
3bqyA02
3bqzA01
3bqzA02
3brcA01
3brcB02
3brdA01
3brdA03
3brgC02
3briA00
3brjC00
3broD00
3brqB01
3brqB02
3brsA01
3brsA02
3bruB00
3bs3A00
3bs4A00
3bsuA00
3bt3A01
3bt5A00
3bu2A02
3bu3A01
3bu8A00
3bulA01
3bulA02
3bulA04
3busB00
3butA00
3buuB00
3buxB01
3buxB02
3buxB03
3bv0A01
3bv4A00
3bv6A00
3bv8A00
3bvfA00
3bvoA02
3bvoB01
3bvxA01
3bvxA02
3bvxA03
3bvxA04
3bvxA05
3bw1A00
3bw6A00
3bwgB01
3bwgC02
3bwhA01
3bwhA02
3bwlD00
3bwrA00
3bwuC02
3bwvA01
3bwvA02
3bwwA01
3bwxA00
3bwyA00
3bwzA00
3bx8F00
3bxjA01
3bxjA03
3bxoA01
3bxoA02
3bxpB00
3bxuA00
3by5A00
3by6C01
3by6D02
3by7E00
3by8A00
3byiD00
3byqA00
3byvA01
3byvA02
3bywB00
3bz1Z00
3bz6A01
3bz6A02
3bzbB00
3bzcA01
3bzcA02
3bzcA03
3bzcA04
3bzcA05
3bzqA00
3bzwF00
3bzyB00
3c07B00
3c0dA00
3c0iA01
3c0iA02
3c0nA01
3c0nA02
3c0nB03
3c0wA01
3c0wA02
3c10C00
3c18A01
3c18A02
3c18A03
3c19A01
3c19A02
3c1aA01
3c1vA00
3c22D00
3c24A01
3c24A02
3c2bA01
3c2bA02
3c2iA01
3c2qA01
3c2qA02
3c2uA01
3c2uA02
3c3dA01
3c3dA02
3c3jA01
3c3jA02
3c3kA02
3c3kB01
3c3mA00
3c3pA00
3c3vA02
3c4aA01
3c4cA01
3c4cA02
3c4hA01
3c4nA01
3c4nA02
3c4rA00
3c5cB00
3c5eA02
3c5kA00
3c5mA00
3c5nA00
3c5oB00
3c5rA00
3c5xA01
3c5xA02
3c5yA00
3c5zD01
3c6cA00
3c6fA01
3c6fA02
3c6vA00
3c6xA00
3c7iA00
3c7jA01
3c7jA02
3c7xA00
3c85A00
3c8cB01
3c8cB02
3c8gD00
3c8iA00
3c8lB00
3c8mA01
3c8mA02
3c8nD00
3c8oA00
3c8tA01
3c8tA02
3c8uA00
3c8vA02
3c8vA04
3c8vC03
3c8wA01
3c8yA02
3c98A02
3c9aC00
3c9fA01
3c9fA02
3c9hA01
3c9hA02
3c9pA00
3c9qA00
3c9uA02
3c9uB01
3c9zA01
3c9zA02
3ca8A01
3ca8A02
3cafA01
3canA00
3caoA00
3cawA01
3cawA02
3caxA01
3cazA00
3cb2B01
3cb7A00
3cbjA00
3cbnA00
3cbqA00
3cbuA01
3cbuA02
3cbyB00
3cc1A02
3cc1B01
3cc2Z00
3cc6A01
3cc8A00
3ccdA00
3ccfA00
3ccgA00
3ccyA01
3ccyA02
3cddA02
3cddF01
3cddF03
3cdhA00
3cdlA01
3cdlB02
3ce2A02
3ce7A00
3ce8A00
3ce9A01
3ce9A02
3ceaA01
3ceaC02
3cebA01
3cebA02
3cecA00
3cedA00
3cegA00
3cerC01
3cerE02
3cetB01
3cetB02
3ceuA00
3cewA01
3cexA00
3ceyB01
3cfuB00
3cfyA00
3cg0A00
3cg4A00
3cggA00
3cgvA01
3cgvA02
3ch0A00
3ch3X00
3chbD00
3chvA00
3ci0I00
3ci0J01
3ci0J02
3ci0K01
3ci0K02
3ci0K03
3ci3A01
3ci6B00
3cihA01
3cihA02
3cinA01
3cinA02
3cipG00
3citA00
3cj8A03
3cj8C01
3cj8C02
3cjdA00
3cjeA00
3cjhD00
3cjhI00
3cjiB00
3cjiC00
3cjkB00
3cjmA00
3cjnA00
3cjpA00
3cjwA00
3cjxA01
3ck1A00
3ck2A00
3ckdA01
3ckdA02
3ckdA03
3ckiB00
3ckmA01
3ckmA02
3ckyA01
3claA00
3clkA02
3clkB01
3clmA00
3cloA02
3cloC01
3clqA02
3clqA03
3clqA04
3clqB01
3clsD02
3clwA02
3clwC01
3cmbA00
3cmgA01
3cmgA02
3cmgA03
3cmgA04
3cn5A00
3cnbA00
3cneA00
3cngA01
3cngC02
3cnhA01
3cnhB02
3cniA00
3cnqP00
3cnuA00
3cnvA01
3cnxA00
3cnyA00
3co5A00
3co8A01
3co8A02
3colB00
3covA01
3covA02
3cp0A00
3cp3A00
3cpfB02
3cpkA00
3cpnA00
3cpxA02
3cpxB01
3cqyA02
3cqyB01
3cqzH00
3cr5X00
3crdA00
3crjC00
3crmA01
3crnA00
3cryA00
3cs3A01
3cs3A02
3csvA01
3csvA02
3cswA02
3cswC01
3csxA00
3csxB00
3ct9A02
3ct9B01
3ctaA01
3ctaA02
3ctdA02
3ctkA01
3ctlA00
3ctpA01
3ctpA02
3ctuA00
3ctvA00
3cu2A00
3cu3A00
3cu5B00
3cucA00
3cukA02
3cvbA00
3cvgA01
3cvgA02
3cvgC01
3cvjC00
3cvoA00
3cwcA02
3cwcB01
3cwfA00
3cwiA00
3cwnA00
3cwqA00
3cwrB00
3cwvA01
3cwvA02
3cx3A02
3cx3B01
3cx5A01
3cx5A02
3cx5B01
3cx5B02
3cx5C00
3cx5D01
3cx5E01
3cx5F00
3cx5G00
3cx5H00
3cx5I00
3cx8A01
3cxjA00
3cxlA01
3cxlA02
3cygA01
3cygA02
3cyjA02
3cz5B00
3czhA00
3d1gA01
3d1gA02
3d1gA03
3d1kA00
3d31C00
3d32B00
3d3bA00
3d48P00
3d4oA02
3d4oB01
3d64A01
3d7aA01
3d85D01
3d85D02
3d85D03
3d9aL01
3d9aL02
3d9yA00
3daaA01
3daaA02
3daqA00
3dc4A00
3dedC00
3defA00
3demA03
3dexH00
3dfjA01
3dfjA02
3dfrA00
3dfxA00
3dgbA01
3dgbA02
3dhiC00
3dhzB00
3djbA01
3djhA00
3dl3E00
3dlkB01
3dlkB02
3dlkB03
3dnjA00
3do6A01
3do6A02
3dplR00
3dqgC00
3dr9A00
3dssB00
3dwyA00
3dy0A02
3dydA01
3dydA02
3dynA00
3e04A03
3e2oA01
3e2oA02
3e64A01
3e64A02
3e6pL01
3e6pL02
3e74B02
3e7aA00
3e7dB00
3e96A00
3eauA00
3eb7A01
3eb7A02
3eb7A03
3eckA02
3ectA00
3ed6A01
3edfA01
3edfA02
3edfA03
3edgA00
3eerA01
3eerA02
3eevB00
3ef4A00
3eg4A01
3eg4A02
3ehwA00
3eipA00
3ek1B01
3elfA00
3elxA00
3ep6A00
3eprA02
3eqrB01
3ethA01
3ethA02
3ethA03
3etrA01
3etrB01
3etrB02
3etrB03
3ew8A00
3exmA01
3exvA00
3eykA01
3ezqB00
3f08A00
3f0dA00
3f1pA00
3f3zA01
3f3zA02
3f4wA00
3f61A01
3f61A02
3f62B00
3f66A02
3f66B01
3f6uL01
3f70A03
3f70B02
3f7lA00
3f8dA02
3f9mA01
3fapB00
3fb3A00
3fc6B00
3fdoA00
3fdwA00
3fe3A02
3fe3A03
3fegA02
3ff1B01
3ff1B02
3fhcB00
3fi8A01
3fi8A02
3fiaA00
3flvA00
3fm3A02
3fmeA02
3fndA01
3fndA02
3fpqA01
3fpqB02
3fruA01
3fruA02
3fttA00
3fv9A02
3fvbA00
3g0eA01
3g0mA00
3g25A01
3g25A02
3g8dB03
3gh1A02
3grsA01
3grsA02
3grsA03
3htsB00
3kvtA00
3lriA00
3nulA00
3pmgA01
3pmgA03
3pmgA04
3pnpA00
3prnA00
3proC01
3proC02
3psgA01
3psgA02
3pviA00
3sebA01
3sebA02
3silA00
3sxlA02
3tatA01
3tglA00
3thiA01
3thiA02
3tssA02
3ullA00
3vubA00
3ygsP00
4bclA00
4dpvZ00
4hb1A00
4mt2A00
4pgaA02
4sbvC00
4sgbI00
4tmkA00
4ubpA00
5bj4A01
5csmA00
5eauA01
5eauA02
5nulA00
5reqB03
5rubA01
5rubA02
6ldhA01
6ldhA02
7a3hA00
7fd1A00
7odcA01
7odcA02
8abpA01
8abpA02
8ohmA03
